[12-05-11 05:47:54] MySQL_ERROR: Access denied for user 'gw_cms'@'localhost' (using password: YES) (1045)
[12-05-11 05:47:54] MySQL_QUERY: 
[12-05-11 05:47:54] BACKTRACE: 
--------------------------------
#0 /var/www/gw_cms/admin/lib/data/gw_db.class.php:63, $GW_DB->error, ARGS: [""]
#1 /var/www/gw_cms/admin/lib/data/gw_db.class.php:37, $GW_DB->trigger_error, ARGS: []
#2 /var/www/gw_cms/admin/lib/data/gw_db.class.php:53, $GW_DB->connect, ARGS: [["gw_cms","KhypJcX9xztbAMSy","localhost","gw_cms"]]
#3 /var/www/gw_cms/admin/init_basic.php:14, $GW_DB->__construct, ARGS: []
#4 /var/www/gw_cms/admin/init.php:6, function include, ARGS: ["\/var\/www\/gw_cms\/admin\/init_basic.php"]
#5 /var/www/gw_cms/admin/index.php:6, function include, ARGS: ["\/var\/www\/gw_cms\/admin\/init.php"]

--------------------------------

[12-09-17 05:52:37] MySQL_ERROR: Unknown column 'ln' in 'where clause' (1054)
[12-09-17 05:52:37] MySQL_QUERY: SELECT * FROM gw_sitemap_data WHERE page_id=50 AND ln='en'
[12-09-17 05:52:37] BACKTRACE: 
--------------------------------
#0 /var/www/gw_cms/admin/lib/data/gw_db.class.php:63, $GW_DB->error, ARGS: ["SELECT * FROM gw_sitemap_data WHERE page_id=50 AND ln='en'"]
#1 /var/www/gw_cms/admin/lib/data/gw_db.class.php:105, $GW_DB->trigger_error, ARGS: ["SELECT * FROM gw_sitemap_data WHERE page_id=50 AND ln='en'"]
#2 /var/www/gw_cms/admin/lib/data/gw_db.class.php:123, $GW_DB->query, ARGS: ["SELECT * FROM gw_sitemap_data WHERE page_id=50 AND ln='en'",false]
#3 /var/www/gw_cms/admin/modules/sitemap/gw_page.class.php:146, $GW_DB->fetch_rows, ARGS: ["SELECT * FROM gw_sitemap_data WHERE page_id=50 AND ln='en'"]
#4 /var/www/gw_cms/admin/repository/.sys/templates_c/0552c71a965be2fe1694e07c331e6088540a5b0e.file.form.tpl.php:61, $GW_Page->getContent, ARGS: ["tekstas"]
#5 /var/www/gw_cms/admin/lib/smarty/sysplugins/smarty_internal_template.php:432, function include, ARGS: ["\/var\/www\/gw_cms\/admin\/repository\/.sys\/templates_c\/0552c71a965be2fe1694e07c331e6088540a5b0e.file.form.tpl.php"]
#6 /var/www/gw_cms/admin/lib/smarty/sysplugins/smarty_internal_template.php:567, $Smarty_Internal_Template_Custom->renderTemplate, ARGS: []
#7 /var/www/gw_cms/admin/init_smarty.php:36, $Smarty_Internal_Template_Custom->getRenderedTemplate, ARGS: []
#8 /var/www/gw_cms/admin/lib/smarty/Smarty.class.php:338, $Smarty_Internal_Template_Custom->getRenderedTemplate, ARGS: []
#9 /var/www/gw_cms/admin/lib/smarty/Smarty.class.php:382, $Smarty->fetch, ARGS: ["\/var\/www\/gw_cms\/admin\/modules\/sitemap\/tpl\/pages\/form.tpl",null,null,null,true]
#10 /var/www/gw_cms/admin/lib/cms/gw_module.class.php:185, $Smarty->display, ARGS: ["\/var\/www\/gw_cms\/admin\/modules\/sitemap\/tpl\/pages\/form.tpl"]
#11 /var/www/gw_cms/admin/lib/cms/gw_module.class.php:149, $Module_Pages->processTemplate, ARGS: []
#12 /var/www/gw_cms/admin/lib/cms/gw_module.class.php:159, $Module_Pages->processView, ARGS: ["form",[]]
#13 /var/www/gw_cms/admin/lib/cms/gw_request.class.php:256, $Module_Pages->process, ARGS: [["form"]]
#14 /var/www/gw_cms/admin/lib/cms/gw_request.class.php:312, $GW_Request->processModule, ARGS: [{"dirname":"sitemap","path":["sitemap","pages"],"module":"pages","params":["form"]}]
#15 /var/www/gw_cms/admin/index.php:23, $GW_Request->process, ARGS: []

--------------------------------

[12-09-17 06:28:11] MySQL_ERROR: Unknown column 'ln' in 'where clause' (1054)
[12-09-17 06:28:11] MySQL_QUERY: SELECT * FROM gw_sitemap_data WHERE page_id=50 AND ln='en'
[12-09-17 06:28:11] BACKTRACE: 
--------------------------------
#0 /var/www/gw_cms/admin/lib/data/gw_db.class.php:63, $GW_DB->error, ARGS: ["SELECT * FROM gw_sitemap_data WHERE page_id=50 AND ln='en'"]
#1 /var/www/gw_cms/admin/lib/data/gw_db.class.php:105, $GW_DB->trigger_error, ARGS: ["SELECT * FROM gw_sitemap_data WHERE page_id=50 AND ln='en'"]
#2 /var/www/gw_cms/admin/lib/data/gw_db.class.php:123, $GW_DB->query, ARGS: ["SELECT * FROM gw_sitemap_data WHERE page_id=50 AND ln='en'",false]
#3 /var/www/gw_cms/admin/modules/sitemap/gw_page.class.php:146, $GW_DB->fetch_rows, ARGS: ["SELECT * FROM gw_sitemap_data WHERE page_id=50 AND ln='en'"]
#4 /var/www/gw_cms/admin/repository/.sys/templates_c/0552c71a965be2fe1694e07c331e6088540a5b0e.file.form.tpl.php:61, $GW_Page->getContent, ARGS: ["tekstas"]
#5 /var/www/gw_cms/admin/lib/smarty/sysplugins/smarty_internal_template.php:432, function include, ARGS: ["\/var\/www\/gw_cms\/admin\/repository\/.sys\/templates_c\/0552c71a965be2fe1694e07c331e6088540a5b0e.file.form.tpl.php"]
#6 /var/www/gw_cms/admin/lib/smarty/sysplugins/smarty_internal_template.php:567, $Smarty_Internal_Template_Custom->renderTemplate, ARGS: []
#7 /var/www/gw_cms/admin/init_smarty.php:36, $Smarty_Internal_Template_Custom->getRenderedTemplate, ARGS: []
#8 /var/www/gw_cms/admin/lib/smarty/Smarty.class.php:338, $Smarty_Internal_Template_Custom->getRenderedTemplate, ARGS: []
#9 /var/www/gw_cms/admin/lib/smarty/Smarty.class.php:382, $Smarty->fetch, ARGS: ["\/var\/www\/gw_cms\/admin\/modules\/sitemap\/tpl\/pages\/form.tpl",null,null,null,true]
#10 /var/www/gw_cms/admin/lib/cms/gw_module.class.php:185, $Smarty->display, ARGS: ["\/var\/www\/gw_cms\/admin\/modules\/sitemap\/tpl\/pages\/form.tpl"]
#11 /var/www/gw_cms/admin/lib/cms/gw_module.class.php:149, $Module_Pages->processTemplate, ARGS: []
#12 /var/www/gw_cms/admin/lib/cms/gw_module.class.php:159, $Module_Pages->processView, ARGS: ["form",[]]
#13 /var/www/gw_cms/admin/lib/cms/gw_request.class.php:256, $Module_Pages->process, ARGS: [["form"]]
#14 /var/www/gw_cms/admin/lib/cms/gw_request.class.php:312, $GW_Request->processModule, ARGS: [{"dirname":"sitemap","path":["sitemap","pages"],"module":"pages","params":["form"]}]
#15 /var/www/gw_cms/admin/index.php:23, $GW_Request->process, ARGS: []

--------------------------------

[12-09-17 06:29:31] MySQL_ERROR: Unknown column 'ln' in 'where clause' (1054)
[12-09-17 06:29:31] MySQL_QUERY: SELECT * FROM gw_sitemap_data WHERE page_id=50 AND ln='en'
[12-09-17 06:29:31] BACKTRACE: 
--------------------------------
#0 /var/www/gw_cms/admin/lib/data/gw_db.class.php:63, $GW_DB->error, ARGS: ["SELECT * FROM gw_sitemap_data WHERE page_id=50 AND ln='en'"]
#1 /var/www/gw_cms/admin/lib/data/gw_db.class.php:105, $GW_DB->trigger_error, ARGS: ["SELECT * FROM gw_sitemap_data WHERE page_id=50 AND ln='en'"]
#2 /var/www/gw_cms/admin/lib/data/gw_db.class.php:123, $GW_DB->query, ARGS: ["SELECT * FROM gw_sitemap_data WHERE page_id=50 AND ln='en'",false]
#3 /var/www/gw_cms/admin/modules/sitemap/gw_page.class.php:146, $GW_DB->fetch_rows, ARGS: ["SELECT * FROM gw_sitemap_data WHERE page_id=50 AND ln='en'"]
#4 /var/www/gw_cms/admin/repository/.sys/templates_c/0552c71a965be2fe1694e07c331e6088540a5b0e.file.form.tpl.php:61, $GW_Page->getContent, ARGS: ["tekstas"]
#5 /var/www/gw_cms/admin/lib/smarty/sysplugins/smarty_internal_template.php:432, function include, ARGS: ["\/var\/www\/gw_cms\/admin\/repository\/.sys\/templates_c\/0552c71a965be2fe1694e07c331e6088540a5b0e.file.form.tpl.php"]
#6 /var/www/gw_cms/admin/lib/smarty/sysplugins/smarty_internal_template.php:567, $Smarty_Internal_Template_Custom->renderTemplate, ARGS: []
#7 /var/www/gw_cms/admin/init_smarty.php:36, $Smarty_Internal_Template_Custom->getRenderedTemplate, ARGS: []
#8 /var/www/gw_cms/admin/lib/smarty/Smarty.class.php:338, $Smarty_Internal_Template_Custom->getRenderedTemplate, ARGS: []
#9 /var/www/gw_cms/admin/lib/smarty/Smarty.class.php:382, $Smarty->fetch, ARGS: ["\/var\/www\/gw_cms\/admin\/modules\/sitemap\/tpl\/pages\/form.tpl",null,null,null,true]
#10 /var/www/gw_cms/admin/lib/cms/gw_module.class.php:185, $Smarty->display, ARGS: ["\/var\/www\/gw_cms\/admin\/modules\/sitemap\/tpl\/pages\/form.tpl"]
#11 /var/www/gw_cms/admin/lib/cms/gw_module.class.php:149, $Module_Pages->processTemplate, ARGS: []
#12 /var/www/gw_cms/admin/lib/cms/gw_module.class.php:159, $Module_Pages->processView, ARGS: ["form",[]]
#13 /var/www/gw_cms/admin/lib/cms/gw_request.class.php:256, $Module_Pages->process, ARGS: [["form"]]
#14 /var/www/gw_cms/admin/lib/cms/gw_request.class.php:312, $GW_Request->processModule, ARGS: [{"dirname":"sitemap","path":["sitemap","pages"],"module":"pages","params":["form"]}]
#15 /var/www/gw_cms/admin/index.php:23, $GW_Request->process, ARGS: []

--------------------------------

[12-09-17 06:57:40] MySQL_ERROR: Unknown column 'in_menu_no' in 'field list' (1054)
[12-09-17 06:57:40] MySQL_QUERY: UPDATE gw_sitemap SET `title_no`="Norvegiska antraste", `in_menu_no`="1", `parent_id`="-1", `update_time`="2012-09-17 06:57:40" WHERE `id`=45;
[12-09-17 06:57:40] BACKTRACE: 
--------------------------------
#0 /var/www/gw_cms/admin/lib/data/gw_db.class.php:63, $GW_DB->error, ARGS: ["UPDATE gw_sitemap SET `title_no`=\"Norvegiska antraste\", `in_menu_no`=\"1\", `parent_id`=\"-1\", `update_time`=\"2012-09-17 06:57:40\" WHERE `id`=45;"]
#1 /var/www/gw_cms/admin/lib/data/gw_db.class.php:105, $GW_DB->trigger_error, ARGS: ["UPDATE gw_sitemap SET `title_no`=\"Norvegiska antraste\", `in_menu_no`=\"1\", `parent_id`=\"-1\", `update_time`=\"2012-09-17 06:57:40\" WHERE `id`=45;"]
#2 /var/www/gw_cms/admin/lib/data/gw_db.class.php:295, $GW_DB->query, ARGS: ["UPDATE gw_sitemap SET `title_no`=\"Norvegiska antraste\", `in_menu_no`=\"1\", `parent_id`=\"-1\", `update_time`=\"2012-09-17 06:57:40\" WHERE `id`=45;",false]
#3 /var/www/gw_cms/admin/lib/data/gw_data_object.class.php:304, $GW_DB->update, ARGS: ["gw_sitemap","`id`=45",{"title_no":"Norvegiska antraste","in_menu_no":"1","parent_id":-1,"update_time":"2012-09-17 06:57:40"}]
#4 /var/www/gw_cms/admin/lib/data/gw_data_object.class.php:405, $GW_Page->update, ARGS: []
#5 /var/www/gw_cms/admin/lib/cms/gw_common_module.class.php:113, $GW_Page->save, ARGS: []
#6 :, $Module_Pages->common_doSave, ARGS: []
#7 /var/www/gw_cms/admin/lib/cms/gw_common_module.class.php:410, function call_user_func_array, ARGS: [[{"allow_auto_actions":{"dosave":1,"dodelete":1,"doinvertactive":1,"domove":1,"viewform":1,"viewlist":1,"viewdialogconfig":1,"dodialogconfigsave":1,"doinvertbanned":1},"filters":{"parent_id":-1},"paging_enabled":true,"data_object_id_type":1,"db":{"link":null,"uphd":["gw_cms","KhypJcX9xztbAMSy","localhost","gw_cms"],"conf":{"logfile":"\/var\/www\/gw_cms\/admin\/repository\/.sys\/logs\/MySQL.log","errshow":true,"errtags":true,"lang":"lt","UPHD":"gw_cms:KhypJcX9xztbAMSy@localhost\/gw_cms"},"result":false,"last_query":"UPDATE gw_sitemap SET `title_no`=\"Norvegiska antraste\", `in_menu_no`=\"1\", `parent_id`=\"-1\", `update_time`=\"2012-09-17 06:57:40\" WHERE `id`=45;","last_query_time":"0.000197","query_times":null,"debug":false},"action_name":null,"tpl_dir":"\/var\/www\/gw_cms\/admin\/modules\/sitemap\/tpl\/pages\/","module_dir":"\/var\/www\/gw_cms\/admin\/modules\/sitemap\/","module_name":"pages","module_path":["sitemap","pages"],"smarty":{"auto_literal":true,"error_unassigned":false,"template_dir":"\/var\/www\/gw_cms\/admin\/templates\/","default_template_handler_func":null,"compile_dir":"\/var\/www\/gw_cms\/admin\/repository\/.sys\/templates_c\/","plugins_dir":["\/var\/www\/gw_cms\/admin\/lib\/smarty\/plugins\/"],"cache_dir":".\/cache\/","config_dir":".\/configs\/","force_compile":false,"compile_check":true,"compile_locking":true,"use_sub_dirs":false,"compile_error":false,"caching":false,"merge_compiled_includes":false,"cache_lifetime":3600,"force_cache":false,"cache_id":null,"compile_id":null,"left_delimiter":"{","right_delimiter":"}","security_class":"Smarty_Security","security_policy":null,"php_handling":0,"allow_php_tag":true,"allow_php_templates":false,"direct_access_security":true,"trusted_dir":"\/var\/www\/gw_cms\/admin\/","debugging":false,"debugging_ctrl":"NONE","smarty_debug_id":"SMARTY_DEBUG","debug_tpl":"\/var\/www\/gw_cms\/admin\/lib\/smarty\/debug.tpl","error_reporting":null,"config_overwrite":true,"config_booleanize":true,"config_read_hidden":false,"config_vars":[],"tpl_vars":{"GLOBALS":{"value":{"GLOBALS":null,"_POST":{"act":"do:save","item":{"id":"45","title":"Norvegiska antraste","in_menu":"1","input_data":{"tekstas":"<p>\r\n\tnorvegiskas tekstas no<\/p>\r\n"}},"submit_type":"0"},"_GET":{"lang":"no"},"_COOKIE":{"login_0":"wdm","login_7":"4391e13dfee8541817eacae0d9789b58da552355df18d706b1cb44aad2699661","login_ln":"en","PHPSESSID":"187164fg2l5eoqjttlibuji8a6"},"_FILES":[],"debug":{"mem_use":[786432]},"_SERVER":{"REDIRECT_STATUS":"200","HTTP_HOST":"localhost","HTTP_USER_AGENT":"Mozilla\/5.0 (X11; Ubuntu; Linux x86_64; rv:15.0) Gecko\/20100101 Firefox\/15.0.1","HTTP_ACCEPT":"text\/html,application\/xhtml+xml,application\/xml;q=0.9,*\/*;q=0.8","HTTP_ACCEPT_LANGUAGE":"en-us,en;q=0.5","HTTP_ACCEPT_ENCODING":"gzip, deflate","HTTP_CONNECTION":"keep-alive","HTTP_REFERER":"http:\/\/localhost\/gw_cms\/admin\/en\/sitemap\/pages\/45\/form?lang=no","HTTP_COOKIE":"login_0=wdm; login_7=4391e13dfee8541817eacae0d9789b58da552355df18d706b1cb44aad2699661; login_ln=en; PHPSESSID=187164fg2l5eoqjttlibuji8a6","CONTENT_TYPE":"multipart\/form-data; boundary=---------------------------2099030361885862536112920545","CONTENT_LENGTH":"820","PATH":"\/usr\/local\/bin:\/usr\/bin:\/bin","SERVER_SIGNATURE":"<address>Apache\/2.2.22 (Ubuntu) Server at localhost Port 80<\/address>\n","SERVER_SOFTWARE":"Apache\/2.2.22 (Ubuntu)","SERVER_NAME":"localhost","SERVER_ADDR":"127.0.0.1","SERVER_PORT":"80","REMOTE_ADDR":"127.0.0.1","DOCUMENT_ROOT":"\/var\/www","SERVER_ADMIN":"webmaster@localhost","SCRIPT_FILENAME":"\/var\/www\/gw_cms\/admin\/index.php","REMOTE_PORT":"36213","REDIRECT_QUERY_STRING":"url=en\/sitemap\/pages\/45\/form&lang=no","REDIRECT_URL":"\/gw_cms\/admin\/en\/sitemap\/pages\/45\/form","GATEWAY_INTERFACE":"CGI\/1.1","SERVER_PROTOCOL":"HTTP\/1.1","REQUEST_METHOD":"POST","QUERY_STRING":"url=en\/sitemap\/pages\/45\/form&lang=no","REQUEST_URI":"\/gw_cms\/admin\/en\/sitemap\/pages\/45\/form?lang=no","SCRIPT_NAME":"\/gw_cms\/admin\/index.php","PHP_SELF":"\/gw_cms\/admin\/index.php","REQUEST_TIME":1347854260},"gpc":"0","_SESSION":{"GW":{"ln":"no","cms_ln":"en"},"auth":null,"cms_auth":{"user_id":"9","ip_address":"127.0.0.1","last_request":1347854260,"autologin":1},"users\/login":{"page_by":20},"todo\/items":{"page_by":20,"paging_enabled":false,"views":{"name":"All","conditions":"","default":1},"order":"priority DESC, state ASC"},"current_module_fields":{"ico":1,"path":1,"pathname":0,"title":1,"in_menu":1,"insert_time":1,"update_time":1},"sitemap\/pages":{"page_by":20,"paging_enabled":false,"views":{"name":"All","conditions":"","default":1},"order":"priority ASC"},"sitemap\/templates":{"page_by":20,"paging_enabled":false,"views":{"name":"All","conditions":"","default":1},"order":"title ASC"},"messages":null,"default":{"page_by":20},"articles":{"page_by":20,"paging_enabled":1,"views":{"name":"All","conditions":"","default":1},"order":"id DESC"},"config":{"page_by":20},"config\/modules":{"page_by":20,"paging_enabled":false},"gallery\/items":{"page_by":20,"paging_enabled":false,"views":{"name":"All","conditions":"","default":1},"order":"type DESC, priority ASC"},"users":{"page_by":20,"paging_enabled":false},"todo\/items\/form\/comments":{"page_by":20,"paging_enabled":false,"views":{"name":"All","conditions":"","default":1},"order":"priority DESC, state ASC"}},"tmp1":1,"tmp2":null,"proc_timer":{"start":1347854260.8931,"time_sum":0},"s":null,"_REQUEST":{"url":"en\/sitemap\/pages\/45\/form","lang":"no","act":"do:save","item":{"id":"45","title":"Norvegiska antraste","in_menu":"1","input_data":{"tekstas":"<p>\r\n\tnorvegiskas tekstas no<\/p>\r\n"}},"submit_type":"0"}},"nocache":false,"scope":0},"request":{"value":{"path":"sitemap\/pages\/45\/form","path_arr":[{"name":"sitemap","path":"sitemap","path_clean":"sitemap"},{"name":"pages","path":"sitemap\/pages\/45","path_clean":"sitemap\/pages","data_object_id":45},{"name":"form","path":"sitemap\/pages\/45\/form","path_clean":"sitemap\/pages\/form"}],"path_arr_parent":{"name":"pages","path":"sitemap\/pages\/45","path_clean":"sitemap\/pages","data_object_id":45},"ln":"en","page":{"table":"gw_adm_sitemap","i18n_fields":{"title":1},"validators":{"views":"gw_json"},"default_order":"priority ASC","level":1,"data_object":null,"encode_fields":{"info":"serialize","fields":"serialize"},"ignore_fields":{"data_object_id":1},"calculate_fields":{"VIEWS":"getViews"},"_lang":null,"db_die_on_error":true,"primary_fields":["id"],"content_base":{"id":"18","parent_id":"17","path":"sitemap\/pages","pathname":"pages","title_en":"Sitemap","title_lt":"Svetain\u0117s medis","title_no":"Sitemap","info":{"model":"GW_Page"},"fields":null,"public":"0","active":"1","in_menu":"1","priority":"7","insert_time":"2010-03-23 20:28:08","update_time":"2012-05-11 05:50:20","sync_time":"2012-05-11 05:50:20","notes":"","views":"","data_object_id":45},"errors":[],"loaded":true,"auto_fields":true,"auto_validation":false,"cache":{"data_object":{"table":"gw_sitemap","i18n_fields":{"title":1,"in_menu":1},"default_order":"priority ASC","calculate_fields":{"child_count":1},"level":0,"_lang":null,"db_die_on_error":true,"primary_fields":["id"],"content_base":{"id":"45","parent_id":"-1","template_id":"14","path":"pirmas","pathname":"pirmas","type":"0","title_en":"Pirmas","title_lt":"Lietuviska antraste","title_no":"","link":"","meta_description":"","active":"1","in_menu_lt":"1","in_menu_en":"1","priority":"10","user_id":"0","visit_count":"0","insert_time":"2011-04-04 17:45:15","update_time":"2012-09-17 06:56:55"},"errors":[],"loaded":true,"auto_fields":true,"auto_validation":false,"ignore_fields":[],"encode_fields":[],"cache":null}}},"module":null,"base":"\/gw_cms\/admin\/","data_object_id":45,"carry_params":{"pid":1},"uri":"\/gw_cms\/admin\/en\/sitemap\/pages\/45\/form?lang=no","path_clean":"sitemap\/pages\/form"},"nocache":false,"scope":0},"ln":{"value":"en","nocache":false,"scope":0},"lang":{"value":{"LANG":{"lt":"Lietuvi\u0173","en":"English","no":"Norwegian"},"LANGUAGE":"Language","SAVE":"Save","APPLY":"Apply","UPDATE":"Refresh","CANCEL":"Cancel","CONTINUE":"Continue","BACK":"&laquo; Back","EDIT":"Edit","REMOVE":"Remove","LOGOUT":"Logout","USER":"Username","PASS":"Password","CHANGE_PASS":"Change password","DOLOGIN":"Login","AUTOLOGIN":"Autologin on this browser","CREATE_NEW":"Create new","ACTION_CONFIRM_REQUIRED":"Action confirm required. Continue?","LOGGED_AS":"Logged as","SWITCH_USER_RETURN":"Return to <b>%s<\/b> account","UPDATE_SUCCESS":"Data successfully updated","SAVE_SUCCESS":"Data successfully saved","ITEM_REMOVE_SUCCESS":"Item removed","ITEM_ADD_SUCCESS":"Item added","FIELDS":{"insert_time":"Creation time","update_time":"Last edited","title":"Title","active":"Active","image":"Image","type":"Type","group":"Group","category":"Category","text":"Text","id":"Id. num.","description":"Description"},"FIELD_NOTES":{"image_dimensions":"Width x Height. exmpl: 640x480"},"VIEWS":{"form":"Create new \/ Edit","print":"Print","export":"Export"},"NO_ITEMS":"No items","ITEM_COUNT":"Item count","ACTIONS":"Actions","IMAGE":"Image","FIELD":"Field","FILTER_VALUE":"Value","APPLY_FILTER":"Apply filters","REMOVE_FILTER":"Remove filters","COMPARE_TYPE":{"SHORT":"C. t.","FULL":"Compare type"},"FILTER_FROM":"from","FILTER_TO":"to","FILTER_EMPTY_OPTION":{"":"-- Any --"},"ACTIVE_OPT":["Not active","Active"],"SEARCH":"Search","ORDER_BY":"Order by","ICON_TITLES":{"active_0":"Enable","active_1":"Disable","action_move_up":"Move up","action_move_down":"Move down","action_edit":"Edit","action_file_delete":"Delete","print":"Print","switch_user":"Login to user account"},"EXTRA_INFO":"Extra information","SESSION_VALIDITY":"Session validity","LOGIN_TO_EXTEND_SESSION":"Session expired. Continue session?","SESSION_EXTEND_SUCCESS":"\n\tOK\n","SERVER_TIME":"Server time","YOUR_IP":"Your ip","PAGE_BY":"Page by","NEXT":"Next","PREVIOUS":"Previuos","FIRST":"First","LAST":"Last","PAGE":"Page","GALLERY_FOLDER":"Gallery folder","EMPTY_OPTION":["-- Not selected --"],"SITE_TITLE":"GateWay Content Management System","FOOTER":"\n\t\n\t\t<a href=\"http:\/\/cms.gw.lt\/\">Gateway CMS<\/a><br \/>%year% \u00a9\t\n\t\n","GW_CMS_DESCRIPTION":"Gateway content management system","DIMENSIONS":"Dimensions","FILE_SIZE":"File size","MAX_UPLOAD_SIZE":"Max upload size %s","APPLY_SORT":"Apply sort","CHECKLIST_SELECT_ACTION":"Actions with selected items","LIST_DISPLAY_SETTINGS":"Display settings","LDS_FIELD_PRIORITY_VISIBILITY":"Column priority & visibility","RESET_TO_DEFAULTS":"Reset to defaults","MONTHS_SHORT":["Jan","Feb","Mar","Apr","May","Jun","Jul","Aug","Sep","Oct","Nov","Dec"],"VIEWS_LABEL":"\n\tViews\n","GO_BACK":"Back","ABOUT":"About"},"nocache":false,"scope":0},"page":{"value":{"table":"gw_adm_sitemap","i18n_fields":{"title":1},"validators":{"views":"gw_json"},"default_order":"priority ASC","level":1,"data_object":null,"encode_fields":{"info":"serialize","fields":"serialize"},"ignore_fields":{"data_object_id":1},"calculate_fields":{"VIEWS":"getViews"},"_lang":null,"db_die_on_error":true,"primary_fields":["id"],"content_base":{"id":"18","parent_id":"17","path":"sitemap\/pages","pathname":"pages","title_en":"Sitemap","title_lt":"Svetain\u0117s medis","title_no":"Sitemap","info":{"model":"GW_Page"},"fields":null,"public":"0","active":"1","in_menu":"1","priority":"7","insert_time":"2010-03-23 20:28:08","update_time":"2012-05-11 05:50:20","sync_time":"2012-05-11 05:50:20","notes":"","views":"","data_object_id":45},"errors":[],"loaded":true,"auto_fields":true,"auto_validation":false,"cache":{"data_object":{"table":"gw_sitemap","i18n_fields":{"title":1,"in_menu":1},"default_order":"priority ASC","calculate_fields":{"child_count":1},"level":0,"_lang":null,"db_die_on_error":true,"primary_fields":["id"],"content_base":{"id":"45","parent_id":"-1","template_id":"14","path":"pirmas","pathname":"pirmas","type":"0","title_en":"Pirmas","title_lt":"Lietuviska antraste","title_no":"","link":"","meta_description":"","active":"1","in_menu_lt":"1","in_menu_en":"1","priority":"10","user_id":"0","visit_count":"0","insert_time":"2011-04-04 17:45:15","update_time":"2012-09-17 06:56:55"},"errors":[],"loaded":true,"auto_fields":true,"auto_validation":false,"ignore_fields":[],"encode_fields":[],"cache":null}}},"nocache":false,"scope":0},"log":{"value":[],"nocache":false,"scope":0}},"parent":null,"template_functions":[],"default_resource_type":"file","caching_type":"file","cache_resource_types":["file"],"properties":[],"default_config_type":"file","template_objects":null,"cache_modified_check":false,"registered_plugins":[],"plugin_search_order":["function","block","compiler","class"],"registered_objects":[],"registered_classes":[],"registered_filters":[],"registered_resources":[],"autoload_filters":[],"variable_filter":true,"default_modifiers":[],"start_time":1347854260.9105,"_file_perms":438,"_dir_perms":511,"_tag_stack":[],"inheritance":false,"deprecation_notices":true,"_version":"Smarty-3.0.7","smarty":null,"template_class":"Smarty_Internal_Template_Custom"},"errors":[],"errorMsgs":[],"ob_collect":true,"error_fields":null,"list_params":{"page_by":20,"paging_enabled":false,"views":{"name":"All","conditions":"","default":1},"order":"priority ASC"},"log":[],"lang":{"ROOT":"Root","PATH":"Path","FIELDS":{"meta_description":"Meta description","priority":"Priority","pathname":"URL name","in_menu":"Show in menu","parent_id":"Parent page","path":"Path","note":"Note","template_id":"Template"},"TYPE_OPT":["Page","Link to first child","Link"],"VAR_TYPE_OPT":{"text":"Text line","textarea":"Text area","htmlarea":"HTML text area","image":"Image","gallery_folder":"Gallery folder"},"MAP":{"title":"Structure & Content","childs":{"pages":{"title":"Sitemap","info":{"model":"GW_Page"}},"templates":{"title":"Templates","info":{"model":"GW_Template"},"childs":{"tplvars":{"info":{"model":"GW_TplVar"},"title":"Template vars"}}}}}},"model":{"table":"gw_sitemap","i18n_fields":{"title":1,"in_menu":1},"default_order":"priority ASC","calculate_fields":{"child_count":1},"level":0,"_lang":null,"db_die_on_error":true,"primary_fields":["id"],"content_base":{"id":"45","parent_id":"-1","template_id":"14","path":"pirmas","pathname":"pirmas","type":"0","title_en":"Pirmas","title_lt":"Lietuviska antraste","title_no":"","link":"","meta_description":"","active":"1","in_menu_lt":"1","in_menu_en":"1","priority":"10","user_id":"0","visit_count":"0","insert_time":"2011-04-04 17:45:15","update_time":"2012-09-17 06:56:55"},"errors":[],"loaded":true,"auto_fields":true,"auto_validation":false,"ignore_fields":[],"encode_fields":[],"cache":null},"parent":{"table":"gw_sitemap","i18n_fields":{"title":1,"in_menu":1},"default_order":"priority ASC","calculate_fields":{"child_count":1},"level":0,"_lang":null,"db_die_on_error":true,"primary_fields":["id"],"content_base":{"id":-1},"errors":[],"loaded":false,"auto_fields":true,"auto_validation":false,"ignore_fields":[],"encode_fields":[],"cache":null}},"common_dosave"],[]]
#8 /var/www/gw_cms/admin/lib/cms/gw_module.class.php:119, $Module_Pages->__call, ARGS: ["dosave",[]]
#9 /var/www/gw_cms/admin/lib/cms/gw_module.class.php:119, $Module_Pages->dosave, ARGS: []
#10 /var/www/gw_cms/admin/lib/cms/gw_module.class.php:156, $Module_Pages->process_act, ARGS: ["do:save"]
#11 /var/www/gw_cms/admin/lib/cms/gw_request.class.php:256, $Module_Pages->process, ARGS: [["form"]]
#12 /var/www/gw_cms/admin/lib/cms/gw_request.class.php:312, $GW_Request->processModule, ARGS: [{"dirname":"sitemap","path":["sitemap","pages"],"module":"pages","params":["form"]}]
#13 /var/www/gw_cms/admin/index.php:23, $GW_Request->process, ARGS: []

--------------------------------

[14-09-07 00:14:55] MySQL_ERROR: Access denied for user 'admin'@'localhost' (using password: YES) (1045)
[14-09-07 00:14:55] MySQL_QUERY: 
[14-09-07 00:14:55] BACKTRACE: 
--------------------------------
#0 /var/www/gwcms/admin/lib/data/gw_db.class.php:63, $GW_DB->error, ARGS: [""]
#1 /var/www/gwcms/admin/lib/data/gw_db.class.php:37, $GW_DB->trigger_error, ARGS: []
#2 /var/www/gwcms/admin/lib/data/gw_db.class.php:53, $GW_DB->connect, ARGS: [["admin","admin","localhost","linkejimaivaldziai"]]
#3 /var/www/gwcms/admin/init_basic.php:14, $GW_DB->__construct, ARGS: []
#4 /var/www/gwcms/admin/init.php:6, function include, ARGS: ["\/var\/www\/gwcms\/admin\/init_basic.php"]
#5 /var/www/gwcms/admin/index.php:6, function include, ARGS: ["\/var\/www\/gwcms\/admin\/init.php"]

--------------------------------

[14-09-07 00:16:08] MySQL_ERROR: Access denied for user 'admin'@'localhost' (using password: YES) (1045)
[14-09-07 00:16:08] MySQL_QUERY: 
[14-09-07 00:16:08] BACKTRACE: 
--------------------------------
#0 /var/www/gwcms/admin/lib/data/gw_db.class.php:63, $GW_DB->error, ARGS: [""]
#1 /var/www/gwcms/admin/lib/data/gw_db.class.php:37, $GW_DB->trigger_error, ARGS: []
#2 /var/www/gwcms/admin/lib/data/gw_db.class.php:53, $GW_DB->connect, ARGS: [["admin","admin","localhost","linkejimaivaldziai"]]
#3 /var/www/gwcms/admin/init_basic.php:14, $GW_DB->__construct, ARGS: []
#4 /var/www/gwcms/admin/init.php:6, function include, ARGS: ["\/var\/www\/gwcms\/admin\/init_basic.php"]
#5 /var/www/gwcms/admin/index.php:6, function include, ARGS: ["\/var\/www\/gwcms\/admin\/init.php"]

--------------------------------

[14-09-07 00:16:08] MySQL_ERROR: Access denied for user 'admin'@'localhost' (using password: YES) (1045)
[14-09-07 00:16:08] MySQL_QUERY: 
[14-09-07 00:16:08] BACKTRACE: 
--------------------------------
#0 /var/www/gwcms/admin/lib/data/gw_db.class.php:63, $GW_DB->error, ARGS: [""]
#1 /var/www/gwcms/admin/lib/data/gw_db.class.php:37, $GW_DB->trigger_error, ARGS: []
#2 /var/www/gwcms/admin/lib/data/gw_db.class.php:53, $GW_DB->connect, ARGS: [["admin","admin","localhost","linkejimaivaldziai"]]
#3 /var/www/gwcms/admin/init_basic.php:14, $GW_DB->__construct, ARGS: []
#4 /var/www/gwcms/admin/init.php:6, function include, ARGS: ["\/var\/www\/gwcms\/admin\/init_basic.php"]
#5 /var/www/gwcms/admin/index.php:6, function include, ARGS: ["\/var\/www\/gwcms\/admin\/init.php"]

--------------------------------

[14-09-07 00:16:09] MySQL_ERROR: Access denied for user 'admin'@'localhost' (using password: YES) (1045)
[14-09-07 00:16:09] MySQL_QUERY: 
[14-09-07 00:16:09] BACKTRACE: 
--------------------------------
#0 /var/www/gwcms/admin/lib/data/gw_db.class.php:63, $GW_DB->error, ARGS: [""]
#1 /var/www/gwcms/admin/lib/data/gw_db.class.php:37, $GW_DB->trigger_error, ARGS: []
#2 /var/www/gwcms/admin/lib/data/gw_db.class.php:53, $GW_DB->connect, ARGS: [["admin","admin","localhost","linkejimaivaldziai"]]
#3 /var/www/gwcms/admin/init_basic.php:14, $GW_DB->__construct, ARGS: []
#4 /var/www/gwcms/admin/init.php:6, function include, ARGS: ["\/var\/www\/gwcms\/admin\/init_basic.php"]
#5 /var/www/gwcms/admin/index.php:6, function include, ARGS: ["\/var\/www\/gwcms\/admin\/init.php"]

--------------------------------

[14-09-07 00:16:09] MySQL_ERROR: Access denied for user 'admin'@'localhost' (using password: YES) (1045)
[14-09-07 00:16:09] MySQL_QUERY: 
[14-09-07 00:16:09] BACKTRACE: 
--------------------------------
#0 /var/www/gwcms/admin/lib/data/gw_db.class.php:63, $GW_DB->error, ARGS: [""]
#1 /var/www/gwcms/admin/lib/data/gw_db.class.php:37, $GW_DB->trigger_error, ARGS: []
#2 /var/www/gwcms/admin/lib/data/gw_db.class.php:53, $GW_DB->connect, ARGS: [["admin","admin","localhost","linkejimaivaldziai"]]
#3 /var/www/gwcms/admin/init_basic.php:14, $GW_DB->__construct, ARGS: []
#4 /var/www/gwcms/admin/init.php:6, function include, ARGS: ["\/var\/www\/gwcms\/admin\/init_basic.php"]
#5 /var/www/gwcms/admin/index.php:6, function include, ARGS: ["\/var\/www\/gwcms\/admin\/init.php"]

--------------------------------

[14-09-07 00:16:10] MySQL_ERROR: Access denied for user 'admin'@'localhost' (using password: YES) (1045)
[14-09-07 00:16:10] MySQL_QUERY: 
[14-09-07 00:16:10] BACKTRACE: 
--------------------------------
#0 /var/www/gwcms/admin/lib/data/gw_db.class.php:63, $GW_DB->error, ARGS: [""]
#1 /var/www/gwcms/admin/lib/data/gw_db.class.php:37, $GW_DB->trigger_error, ARGS: []
#2 /var/www/gwcms/admin/lib/data/gw_db.class.php:53, $GW_DB->connect, ARGS: [["admin","admin","localhost","linkejimaivaldziai"]]
#3 /var/www/gwcms/admin/init_basic.php:14, $GW_DB->__construct, ARGS: []
#4 /var/www/gwcms/admin/init.php:6, function include, ARGS: ["\/var\/www\/gwcms\/admin\/init_basic.php"]
#5 /var/www/gwcms/admin/index.php:6, function include, ARGS: ["\/var\/www\/gwcms\/admin\/init.php"]

--------------------------------

[14-09-07 00:16:10] MySQL_ERROR: Access denied for user 'admin'@'localhost' (using password: YES) (1045)
[14-09-07 00:16:10] MySQL_QUERY: 
[14-09-07 00:16:10] BACKTRACE: 
--------------------------------
#0 /var/www/gwcms/admin/lib/data/gw_db.class.php:63, $GW_DB->error, ARGS: [""]
#1 /var/www/gwcms/admin/lib/data/gw_db.class.php:37, $GW_DB->trigger_error, ARGS: []
#2 /var/www/gwcms/admin/lib/data/gw_db.class.php:53, $GW_DB->connect, ARGS: [["admin","admin","localhost","linkejimaivaldziai"]]
#3 /var/www/gwcms/admin/init_basic.php:14, $GW_DB->__construct, ARGS: []
#4 /var/www/gwcms/admin/init.php:6, function include, ARGS: ["\/var\/www\/gwcms\/admin\/init_basic.php"]
#5 /var/www/gwcms/admin/index.php:6, function include, ARGS: ["\/var\/www\/gwcms\/admin\/init.php"]

--------------------------------

[14-09-07 00:16:10] MySQL_ERROR: Access denied for user 'admin'@'localhost' (using password: YES) (1045)
[14-09-07 00:16:10] MySQL_QUERY: 
[14-09-07 00:16:10] BACKTRACE: 
--------------------------------
#0 /var/www/gwcms/admin/lib/data/gw_db.class.php:63, $GW_DB->error, ARGS: [""]
#1 /var/www/gwcms/admin/lib/data/gw_db.class.php:37, $GW_DB->trigger_error, ARGS: []
#2 /var/www/gwcms/admin/lib/data/gw_db.class.php:53, $GW_DB->connect, ARGS: [["admin","admin","localhost","linkejimaivaldziai"]]
#3 /var/www/gwcms/admin/init_basic.php:14, $GW_DB->__construct, ARGS: []
#4 /var/www/gwcms/admin/init.php:6, function include, ARGS: ["\/var\/www\/gwcms\/admin\/init_basic.php"]
#5 /var/www/gwcms/admin/index.php:6, function include, ARGS: ["\/var\/www\/gwcms\/admin\/init.php"]

--------------------------------

[14-09-07 00:16:10] MySQL_ERROR: Access denied for user 'admin'@'localhost' (using password: YES) (1045)
[14-09-07 00:16:10] MySQL_QUERY: 
[14-09-07 00:16:10] BACKTRACE: 
--------------------------------
#0 /var/www/gwcms/admin/lib/data/gw_db.class.php:63, $GW_DB->error, ARGS: [""]
#1 /var/www/gwcms/admin/lib/data/gw_db.class.php:37, $GW_DB->trigger_error, ARGS: []
#2 /var/www/gwcms/admin/lib/data/gw_db.class.php:53, $GW_DB->connect, ARGS: [["admin","admin","localhost","linkejimaivaldziai"]]
#3 /var/www/gwcms/admin/init_basic.php:14, $GW_DB->__construct, ARGS: []
#4 /var/www/gwcms/admin/init.php:6, function include, ARGS: ["\/var\/www\/gwcms\/admin\/init_basic.php"]
#5 /var/www/gwcms/admin/index.php:6, function include, ARGS: ["\/var\/www\/gwcms\/admin\/init.php"]

--------------------------------

[14-09-07 00:16:11] MySQL_ERROR: Access denied for user 'admin'@'localhost' (using password: YES) (1045)
[14-09-07 00:16:11] MySQL_QUERY: 
[14-09-07 00:16:11] BACKTRACE: 
--------------------------------
#0 /var/www/gwcms/admin/lib/data/gw_db.class.php:63, $GW_DB->error, ARGS: [""]
#1 /var/www/gwcms/admin/lib/data/gw_db.class.php:37, $GW_DB->trigger_error, ARGS: []
#2 /var/www/gwcms/admin/lib/data/gw_db.class.php:53, $GW_DB->connect, ARGS: [["admin","admin","localhost","linkejimaivaldziai"]]
#3 /var/www/gwcms/admin/init_basic.php:14, $GW_DB->__construct, ARGS: []
#4 /var/www/gwcms/admin/init.php:6, function include, ARGS: ["\/var\/www\/gwcms\/admin\/init_basic.php"]
#5 /var/www/gwcms/admin/index.php:6, function include, ARGS: ["\/var\/www\/gwcms\/admin\/init.php"]

--------------------------------

[14-09-07 00:16:11] MySQL_ERROR: Access denied for user 'admin'@'localhost' (using password: YES) (1045)
[14-09-07 00:16:11] MySQL_QUERY: 
[14-09-07 00:16:11] BACKTRACE: 
--------------------------------
#0 /var/www/gwcms/admin/lib/data/gw_db.class.php:63, $GW_DB->error, ARGS: [""]
#1 /var/www/gwcms/admin/lib/data/gw_db.class.php:37, $GW_DB->trigger_error, ARGS: []
#2 /var/www/gwcms/admin/lib/data/gw_db.class.php:53, $GW_DB->connect, ARGS: [["admin","admin","localhost","linkejimaivaldziai"]]
#3 /var/www/gwcms/admin/init_basic.php:14, $GW_DB->__construct, ARGS: []
#4 /var/www/gwcms/admin/init.php:6, function include, ARGS: ["\/var\/www\/gwcms\/admin\/init_basic.php"]
#5 /var/www/gwcms/admin/index.php:6, function include, ARGS: ["\/var\/www\/gwcms\/admin\/init.php"]

--------------------------------

[14-09-07 00:16:39] MySQL_ERROR: Access denied for user 'admin'@'localhost' (using password: YES) (1045)
[14-09-07 00:16:39] MySQL_QUERY: 
[14-09-07 00:16:39] BACKTRACE: 
--------------------------------
#0 /var/www/gwcms/admin/lib/data/gw_db.class.php:63, $GW_DB->error, ARGS: [""]
#1 /var/www/gwcms/admin/lib/data/gw_db.class.php:37, $GW_DB->trigger_error, ARGS: []
#2 /var/www/gwcms/admin/lib/data/gw_db.class.php:53, $GW_DB->connect, ARGS: [["admin","admin","localhost","linkejimaivaldziai"]]
#3 /var/www/gwcms/admin/init_basic.php:14, $GW_DB->__construct, ARGS: []
#4 /var/www/gwcms/admin/init.php:6, function include, ARGS: ["\/var\/www\/gwcms\/admin\/init_basic.php"]
#5 /var/www/gwcms/admin/index.php:6, function include, ARGS: ["\/var\/www\/gwcms\/admin\/init.php"]

--------------------------------

[14-09-07 00:16:39] MySQL_ERROR: Access denied for user 'admin'@'localhost' (using password: YES) (1045)
[14-09-07 00:16:39] MySQL_QUERY: 
[14-09-07 00:16:39] BACKTRACE: 
--------------------------------
#0 /var/www/gwcms/admin/lib/data/gw_db.class.php:63, $GW_DB->error, ARGS: [""]
#1 /var/www/gwcms/admin/lib/data/gw_db.class.php:37, $GW_DB->trigger_error, ARGS: []
#2 /var/www/gwcms/admin/lib/data/gw_db.class.php:53, $GW_DB->connect, ARGS: [["admin","admin","localhost","linkejimaivaldziai"]]
#3 /var/www/gwcms/admin/init_basic.php:14, $GW_DB->__construct, ARGS: []
#4 /var/www/gwcms/admin/init.php:6, function include, ARGS: ["\/var\/www\/gwcms\/admin\/init_basic.php"]
#5 /var/www/gwcms/admin/index.php:6, function include, ARGS: ["\/var\/www\/gwcms\/admin\/init.php"]

--------------------------------

[14-09-07 00:16:40] MySQL_ERROR: Access denied for user 'admin'@'localhost' (using password: YES) (1045)
[14-09-07 00:16:40] MySQL_QUERY: 
[14-09-07 00:16:40] BACKTRACE: 
--------------------------------
#0 /var/www/gwcms/admin/lib/data/gw_db.class.php:63, $GW_DB->error, ARGS: [""]
#1 /var/www/gwcms/admin/lib/data/gw_db.class.php:37, $GW_DB->trigger_error, ARGS: []
#2 /var/www/gwcms/admin/lib/data/gw_db.class.php:53, $GW_DB->connect, ARGS: [["admin","admin","localhost","linkejimaivaldziai"]]
#3 /var/www/gwcms/admin/init_basic.php:14, $GW_DB->__construct, ARGS: []
#4 /var/www/gwcms/admin/init.php:6, function include, ARGS: ["\/var\/www\/gwcms\/admin\/init_basic.php"]
#5 /var/www/gwcms/admin/index.php:6, function include, ARGS: ["\/var\/www\/gwcms\/admin\/init.php"]

--------------------------------

[14-09-07 00:16:40] MySQL_ERROR: Access denied for user 'admin'@'localhost' (using password: YES) (1045)
[14-09-07 00:16:40] MySQL_QUERY: 
[14-09-07 00:16:40] BACKTRACE: 
--------------------------------
#0 /var/www/gwcms/admin/lib/data/gw_db.class.php:63, $GW_DB->error, ARGS: [""]
#1 /var/www/gwcms/admin/lib/data/gw_db.class.php:37, $GW_DB->trigger_error, ARGS: []
#2 /var/www/gwcms/admin/lib/data/gw_db.class.php:53, $GW_DB->connect, ARGS: [["admin","admin","localhost","linkejimaivaldziai"]]
#3 /var/www/gwcms/admin/init_basic.php:14, $GW_DB->__construct, ARGS: []
#4 /var/www/gwcms/admin/init.php:6, function include, ARGS: ["\/var\/www\/gwcms\/admin\/init_basic.php"]
#5 /var/www/gwcms/admin/index.php:6, function include, ARGS: ["\/var\/www\/gwcms\/admin\/init.php"]

--------------------------------

[14-09-07 00:16:40] MySQL_ERROR: Access denied for user 'admin'@'localhost' (using password: YES) (1045)
[14-09-07 00:16:40] MySQL_QUERY: 
[14-09-07 00:16:40] BACKTRACE: 
--------------------------------
#0 /var/www/gwcms/admin/lib/data/gw_db.class.php:63, $GW_DB->error, ARGS: [""]
#1 /var/www/gwcms/admin/lib/data/gw_db.class.php:37, $GW_DB->trigger_error, ARGS: []
#2 /var/www/gwcms/admin/lib/data/gw_db.class.php:53, $GW_DB->connect, ARGS: [["admin","admin","localhost","linkejimaivaldziai"]]
#3 /var/www/gwcms/admin/init_basic.php:14, $GW_DB->__construct, ARGS: []
#4 /var/www/gwcms/admin/init.php:6, function include, ARGS: ["\/var\/www\/gwcms\/admin\/init_basic.php"]
#5 /var/www/gwcms/admin/index.php:6, function include, ARGS: ["\/var\/www\/gwcms\/admin\/init.php"]

--------------------------------

[14-09-07 00:16:40] MySQL_ERROR: Access denied for user 'admin'@'localhost' (using password: YES) (1045)
[14-09-07 00:16:40] MySQL_QUERY: 
[14-09-07 00:16:40] BACKTRACE: 
--------------------------------
#0 /var/www/gwcms/admin/lib/data/gw_db.class.php:63, $GW_DB->error, ARGS: [""]
#1 /var/www/gwcms/admin/lib/data/gw_db.class.php:37, $GW_DB->trigger_error, ARGS: []
#2 /var/www/gwcms/admin/lib/data/gw_db.class.php:53, $GW_DB->connect, ARGS: [["admin","admin","localhost","linkejimaivaldziai"]]
#3 /var/www/gwcms/admin/init_basic.php:14, $GW_DB->__construct, ARGS: []
#4 /var/www/gwcms/admin/init.php:6, function include, ARGS: ["\/var\/www\/gwcms\/admin\/init_basic.php"]
#5 /var/www/gwcms/admin/index.php:6, function include, ARGS: ["\/var\/www\/gwcms\/admin\/init.php"]

--------------------------------

[14-09-07 00:16:41] MySQL_ERROR: Access denied for user 'admin'@'localhost' (using password: YES) (1045)
[14-09-07 00:16:41] MySQL_QUERY: 
[14-09-07 00:16:41] BACKTRACE: 
--------------------------------
#0 /var/www/gwcms/admin/lib/data/gw_db.class.php:63, $GW_DB->error, ARGS: [""]
#1 /var/www/gwcms/admin/lib/data/gw_db.class.php:37, $GW_DB->trigger_error, ARGS: []
#2 /var/www/gwcms/admin/lib/data/gw_db.class.php:53, $GW_DB->connect, ARGS: [["admin","admin","localhost","linkejimaivaldziai"]]
#3 /var/www/gwcms/admin/init_basic.php:14, $GW_DB->__construct, ARGS: []
#4 /var/www/gwcms/admin/init.php:6, function include, ARGS: ["\/var\/www\/gwcms\/admin\/init_basic.php"]
#5 /var/www/gwcms/admin/index.php:6, function include, ARGS: ["\/var\/www\/gwcms\/admin\/init.php"]

--------------------------------

[14-09-07 00:16:42] MySQL_ERROR: Access denied for user 'admin'@'localhost' (using password: YES) (1045)
[14-09-07 00:16:42] MySQL_QUERY: 
[14-09-07 00:16:42] BACKTRACE: 
--------------------------------
#0 /var/www/gwcms/admin/lib/data/gw_db.class.php:63, $GW_DB->error, ARGS: [""]
#1 /var/www/gwcms/admin/lib/data/gw_db.class.php:37, $GW_DB->trigger_error, ARGS: []
#2 /var/www/gwcms/admin/lib/data/gw_db.class.php:53, $GW_DB->connect, ARGS: [["admin","admin","localhost","linkejimaivaldziai"]]
#3 /var/www/gwcms/admin/init_basic.php:14, $GW_DB->__construct, ARGS: []
#4 /var/www/gwcms/admin/init.php:6, function include, ARGS: ["\/var\/www\/gwcms\/admin\/init_basic.php"]
#5 /var/www/gwcms/admin/index.php:6, function include, ARGS: ["\/var\/www\/gwcms\/admin\/init.php"]

--------------------------------

[14-09-07 00:16:42] MySQL_ERROR: Access denied for user 'admin'@'localhost' (using password: YES) (1045)
[14-09-07 00:16:42] MySQL_QUERY: 
[14-09-07 00:16:42] BACKTRACE: 
--------------------------------
#0 /var/www/gwcms/admin/lib/data/gw_db.class.php:63, $GW_DB->error, ARGS: [""]
#1 /var/www/gwcms/admin/lib/data/gw_db.class.php:37, $GW_DB->trigger_error, ARGS: []
#2 /var/www/gwcms/admin/lib/data/gw_db.class.php:53, $GW_DB->connect, ARGS: [["admin","admin","localhost","linkejimaivaldziai"]]
#3 /var/www/gwcms/admin/init_basic.php:14, $GW_DB->__construct, ARGS: []
#4 /var/www/gwcms/admin/init.php:6, function include, ARGS: ["\/var\/www\/gwcms\/admin\/init_basic.php"]
#5 /var/www/gwcms/admin/index.php:6, function include, ARGS: ["\/var\/www\/gwcms\/admin\/init.php"]

--------------------------------

[14-09-07 00:16:42] MySQL_ERROR: Access denied for user 'admin'@'localhost' (using password: YES) (1045)
[14-09-07 00:16:42] MySQL_QUERY: 
[14-09-07 00:16:42] BACKTRACE: 
--------------------------------
#0 /var/www/gwcms/admin/lib/data/gw_db.class.php:63, $GW_DB->error, ARGS: [""]
#1 /var/www/gwcms/admin/lib/data/gw_db.class.php:37, $GW_DB->trigger_error, ARGS: []
#2 /var/www/gwcms/admin/lib/data/gw_db.class.php:53, $GW_DB->connect, ARGS: [["admin","admin","localhost","linkejimaivaldziai"]]
#3 /var/www/gwcms/admin/init_basic.php:14, $GW_DB->__construct, ARGS: []
#4 /var/www/gwcms/admin/init.php:6, function include, ARGS: ["\/var\/www\/gwcms\/admin\/init_basic.php"]
#5 /var/www/gwcms/admin/index.php:6, function include, ARGS: ["\/var\/www\/gwcms\/admin\/init.php"]

--------------------------------

[14-09-07 00:16:43] MySQL_ERROR: Access denied for user 'admin'@'localhost' (using password: YES) (1045)
[14-09-07 00:16:43] MySQL_QUERY: 
[14-09-07 00:16:43] BACKTRACE: 
--------------------------------
#0 /var/www/gwcms/admin/lib/data/gw_db.class.php:63, $GW_DB->error, ARGS: [""]
#1 /var/www/gwcms/admin/lib/data/gw_db.class.php:37, $GW_DB->trigger_error, ARGS: []
#2 /var/www/gwcms/admin/lib/data/gw_db.class.php:53, $GW_DB->connect, ARGS: [["admin","admin","localhost","linkejimaivaldziai"]]
#3 /var/www/gwcms/admin/init_basic.php:14, $GW_DB->__construct, ARGS: []
#4 /var/www/gwcms/admin/init.php:6, function include, ARGS: ["\/var\/www\/gwcms\/admin\/init_basic.php"]
#5 /var/www/gwcms/admin/index.php:6, function include, ARGS: ["\/var\/www\/gwcms\/admin\/init.php"]

--------------------------------

[14-09-07 00:16:43] MySQL_ERROR: Access denied for user 'admin'@'localhost' (using password: YES) (1045)
[14-09-07 00:16:43] MySQL_QUERY: 
[14-09-07 00:16:43] BACKTRACE: 
--------------------------------
#0 /var/www/gwcms/admin/lib/data/gw_db.class.php:63, $GW_DB->error, ARGS: [""]
#1 /var/www/gwcms/admin/lib/data/gw_db.class.php:37, $GW_DB->trigger_error, ARGS: []
#2 /var/www/gwcms/admin/lib/data/gw_db.class.php:53, $GW_DB->connect, ARGS: [["admin","admin","localhost","linkejimaivaldziai"]]
#3 /var/www/gwcms/admin/init_basic.php:14, $GW_DB->__construct, ARGS: []
#4 /var/www/gwcms/admin/init.php:6, function include, ARGS: ["\/var\/www\/gwcms\/admin\/init_basic.php"]
#5 /var/www/gwcms/admin/index.php:6, function include, ARGS: ["\/var\/www\/gwcms\/admin\/init.php"]

--------------------------------

[14-09-07 21:50:47] MySQL_ERROR: Unknown column 'ln' in 'where clause' (1054)
[14-09-07 21:50:47] MySQL_QUERY: SELECT * FROM gw_sitemap_data WHERE page_id=45 AND ln='lt'
[14-09-07 21:50:47] BACKTRACE: 
--------------------------------
#0 /var/www/gwcms/admin/lib/data/gw_db.class.php:63, $GW_DB->error, ARGS: ["SELECT * FROM gw_sitemap_data WHERE page_id=45 AND ln='lt'"]
#1 /var/www/gwcms/admin/lib/data/gw_db.class.php:105, $GW_DB->trigger_error, ARGS: ["SELECT * FROM gw_sitemap_data WHERE page_id=45 AND ln='lt'"]
#2 /var/www/gwcms/admin/lib/data/gw_db.class.php:123, $GW_DB->query, ARGS: ["SELECT * FROM gw_sitemap_data WHERE page_id=45 AND ln='lt'",false]
#3 /var/www/gwcms/admin/modules/sitemap/gw_page.class.php:146, $GW_DB->fetch_rows, ARGS: ["SELECT * FROM gw_sitemap_data WHERE page_id=45 AND ln='lt'"]
#4 /var/www/gwcms/admin/repository/.sys/templates_c/ea07a819f14b88ad12bb3b5369fa48994f1c0080.file.form.tpl.php:73, $GW_Page->getContent, ARGS: ["tekstas"]
#5 /var/www/gwcms/admin/lib/smarty/sysplugins/smarty_internal_templatebase.php:188, function content_540ca8a78231d0_92041916, ARGS: 
#6 /var/www/gwcms/admin/lib/smarty/sysplugins/smarty_internal_templatebase.php:394, $SmartyBC->fetch, ARGS: ["\/var\/www\/gwcms\/admin\/modules\/sitemap\/tpl\/pages\/form.tpl",null,null,null,true]
#7 /var/www/gwcms/admin/lib/cms/gw_module.class.php:196, $SmartyBC->display, ARGS: ["\/var\/www\/gwcms\/admin\/modules\/sitemap\/tpl\/pages\/form.tpl"]
#8 /var/www/gwcms/admin/lib/cms/gw_module.class.php:152, $Module_Pages->processTemplate, ARGS: []
#9 /var/www/gwcms/admin/lib/cms/gw_module.class.php:170, $Module_Pages->processView, ARGS: ["form",[]]
#10 /var/www/gwcms/admin/lib/cms/gw_request.class.php:294, $Module_Pages->process, ARGS: [["form"],{"url":"lt\/sitemap\/pages\/45\/form"}]
#11 /var/www/gwcms/admin/lib/cms/gw_request.class.php:396, $GW_Request->processModule, ARGS: [{"dirname":"sitemap","path":["sitemap","pages"],"module":"pages","params":["form"]},{"url":"lt\/sitemap\/pages\/45\/form"}]
#12 /var/www/gwcms/admin/index.php:23, $GW_Request->process, ARGS: []

--------------------------------

[14-09-07 21:52:56] MySQL_ERROR: Unknown column 'ln' in 'where clause' (1054)
[14-09-07 21:52:56] MySQL_QUERY: SELECT * FROM gw_sitemap_data WHERE page_id=45 AND ln='lt'
[14-09-07 21:52:56] BACKTRACE: 
--------------------------------
#0 /var/www/gwcms/admin/lib/data/gw_db.class.php:63, $GW_DB->error, ARGS: ["SELECT * FROM gw_sitemap_data WHERE page_id=45 AND ln='lt'"]
#1 /var/www/gwcms/admin/lib/data/gw_db.class.php:105, $GW_DB->trigger_error, ARGS: ["SELECT * FROM gw_sitemap_data WHERE page_id=45 AND ln='lt'"]
#2 /var/www/gwcms/admin/lib/data/gw_db.class.php:123, $GW_DB->query, ARGS: ["SELECT * FROM gw_sitemap_data WHERE page_id=45 AND ln='lt'",false]
#3 /var/www/gwcms/admin/modules/sitemap/gw_page.class.php:146, $GW_DB->fetch_rows, ARGS: ["SELECT * FROM gw_sitemap_data WHERE page_id=45 AND ln='lt'"]
#4 /var/www/gwcms/admin/repository/.sys/templates_c/ea07a819f14b88ad12bb3b5369fa48994f1c0080.file.form.tpl.php:73, $GW_Page->getContent, ARGS: ["tekstas"]
#5 /var/www/gwcms/admin/lib/smarty/sysplugins/smarty_internal_templatebase.php:188, function content_540ca8a78231d0_92041916, ARGS: 
#6 /var/www/gwcms/admin/lib/smarty/sysplugins/smarty_internal_templatebase.php:394, $SmartyBC->fetch, ARGS: ["\/var\/www\/gwcms\/admin\/modules\/sitemap\/tpl\/pages\/form.tpl",null,null,null,true]
#7 /var/www/gwcms/admin/lib/cms/gw_module.class.php:196, $SmartyBC->display, ARGS: ["\/var\/www\/gwcms\/admin\/modules\/sitemap\/tpl\/pages\/form.tpl"]
#8 /var/www/gwcms/admin/lib/cms/gw_module.class.php:152, $Module_Pages->processTemplate, ARGS: []
#9 /var/www/gwcms/admin/lib/cms/gw_module.class.php:170, $Module_Pages->processView, ARGS: ["form",[]]
#10 /var/www/gwcms/admin/lib/cms/gw_request.class.php:294, $Module_Pages->process, ARGS: [["form"],{"url":"lt\/sitemap\/pages\/45\/form"}]
#11 /var/www/gwcms/admin/lib/cms/gw_request.class.php:396, $GW_Request->processModule, ARGS: [{"dirname":"sitemap","path":["sitemap","pages"],"module":"pages","params":["form"]},{"url":"lt\/sitemap\/pages\/45\/form"}]
#12 /var/www/gwcms/admin/index.php:23, $GW_Request->process, ARGS: []

--------------------------------

[14-09-07 21:54:53] MySQL_ERROR: Unknown column 'title' in 'field list' (1054)
[14-09-07 21:54:53] MySQL_QUERY: UPDATE gw_sitemap SET `type`="0", `parent_id`="-1", `pathname`="home", `title`="labadiena", `meta_description`="", `template_id`="14", `active`="1", `in_menu`="1", `update_time`="2014-09-07 21:54:53" WHERE `id`=45;
[14-09-07 21:54:53] BACKTRACE: 
--------------------------------
#0 /var/www/gwcms/admin/lib/data/gw_db.class.php:63, $GW_DB->error, ARGS: ["UPDATE gw_sitemap SET `type`=\"0\", `parent_id`=\"-1\", `pathname`=\"home\", `title`=\"labadiena\", `meta_description`=\"\", `template_id`=\"14\", `active`=\"1\", `in_menu`=\"1\", `update_time`=\"2014-09-07 21:54:53\" WHERE `id`=45;"]
#1 /var/www/gwcms/admin/lib/data/gw_db.class.php:105, $GW_DB->trigger_error, ARGS: ["UPDATE gw_sitemap SET `type`=\"0\", `parent_id`=\"-1\", `pathname`=\"home\", `title`=\"labadiena\", `meta_description`=\"\", `template_id`=\"14\", `active`=\"1\", `in_menu`=\"1\", `update_time`=\"2014-09-07 21:54:53\" WHERE `id`=45;"]
#2 /var/www/gwcms/admin/lib/data/gw_db.class.php:295, $GW_DB->query, ARGS: ["UPDATE gw_sitemap SET `type`=\"0\", `parent_id`=\"-1\", `pathname`=\"home\", `title`=\"labadiena\", `meta_description`=\"\", `template_id`=\"14\", `active`=\"1\", `in_menu`=\"1\", `update_time`=\"2014-09-07 21:54:53\" WHERE `id`=45;",false]
#3 /var/www/gwcms/admin/lib/data/gw_data_object.class.php:310, $GW_DB->update, ARGS: ["gw_sitemap","`id`=45",{"type":"0","parent_id":"-1","pathname":"home","title":"labadiena","meta_description":"","template_id":"14","active":"1","in_menu":"1","update_time":"2014-09-07 21:54:53"}]
#4 /var/www/gwcms/admin/lib/data/gw_data_object.class.php:413, $GW_Page->update, ARGS: []
#5 /var/www/gwcms/admin/lib/cms/gw_common_module.class.php:125, $GW_Page->save, ARGS: []
#6 :, $Module_Pages->common_doSave, ARGS: []
#7 /var/www/gwcms/admin/lib/cms/gw_common_module.class.php:429, function call_user_func_array, ARGS: 
#8 /var/www/gwcms/admin/lib/cms/gw_module.class.php:122, $Module_Pages->__call, ARGS: ["dosave",[]]
#9 /var/www/gwcms/admin/lib/cms/gw_module.class.php:122, $Module_Pages->dosave, ARGS: []
#10 /var/www/gwcms/admin/lib/cms/gw_module.class.php:160, $Module_Pages->process_act, ARGS: ["do:save"]
#11 /var/www/gwcms/admin/lib/cms/gw_request.class.php:294, $Module_Pages->process, ARGS: [["form"],{"url":"lt\/sitemap\/pages\/45\/form","act":"do:save","item":{"id":"45","type":"0","parent_id":"-1","pathname":"home","title":"labadiena","meta_description":"","template_id":"14","active":"1","in_menu":"1","input_data":{"tekstas":"<p>\r\n\ttetastasd<\/p>\r\n"}},"submit_type":"1"}]
#12 /var/www/gwcms/admin/lib/cms/gw_request.class.php:396, $GW_Request->processModule, ARGS: [{"dirname":"sitemap","path":["sitemap","pages"],"module":"pages","params":["form"]},{"url":"lt\/sitemap\/pages\/45\/form","act":"do:save","item":{"id":"45","type":"0","parent_id":"-1","pathname":"home","title":"labadiena","meta_description":"","template_id":"14","active":"1","in_menu":"1","input_data":{"tekstas":"<p>\r\n\ttetastasd<\/p>\r\n"}},"submit_type":"1"}]
#13 /var/www/gwcms/admin/index.php:23, $GW_Request->process, ARGS: []

--------------------------------

[14-09-07 21:57:11] MySQL_ERROR: Unknown column 'title' in 'field list' (1054)
[14-09-07 21:57:11] MySQL_QUERY: UPDATE gw_sitemap SET `type`="0", `parent_id`="-1", `pathname`="home", `title`="labadiena", `meta_description`="", `template_id`="14", `active`="1", `in_menu`="1", `update_time`="2014-09-07 21:57:11" WHERE `id`=45;
[14-09-07 21:57:11] BACKTRACE: 
--------------------------------
#0 /var/www/gwcms/admin/lib/data/gw_db.class.php:63, $GW_DB->error, ARGS: ["UPDATE gw_sitemap SET `type`=\"0\", `parent_id`=\"-1\", `pathname`=\"home\", `title`=\"labadiena\", `meta_description`=\"\", `template_id`=\"14\", `active`=\"1\", `in_menu`=\"1\", `update_time`=\"2014-09-07 21:57:11\" WHERE `id`=45;"]
#1 /var/www/gwcms/admin/lib/data/gw_db.class.php:105, $GW_DB->trigger_error, ARGS: ["UPDATE gw_sitemap SET `type`=\"0\", `parent_id`=\"-1\", `pathname`=\"home\", `title`=\"labadiena\", `meta_description`=\"\", `template_id`=\"14\", `active`=\"1\", `in_menu`=\"1\", `update_time`=\"2014-09-07 21:57:11\" WHERE `id`=45;"]
#2 /var/www/gwcms/admin/lib/data/gw_db.class.php:295, $GW_DB->query, ARGS: ["UPDATE gw_sitemap SET `type`=\"0\", `parent_id`=\"-1\", `pathname`=\"home\", `title`=\"labadiena\", `meta_description`=\"\", `template_id`=\"14\", `active`=\"1\", `in_menu`=\"1\", `update_time`=\"2014-09-07 21:57:11\" WHERE `id`=45;",false]
#3 /var/www/gwcms/admin/lib/data/gw_data_object.class.php:310, $GW_DB->update, ARGS: ["gw_sitemap","`id`=45",{"type":"0","parent_id":"-1","pathname":"home","title":"labadiena","meta_description":"","template_id":"14","active":"1","in_menu":"1","update_time":"2014-09-07 21:57:11"}]
#4 /var/www/gwcms/admin/lib/data/gw_data_object.class.php:413, $GW_Page->update, ARGS: []
#5 /var/www/gwcms/admin/lib/cms/gw_common_module.class.php:125, $GW_Page->save, ARGS: []
#6 :, $Module_Pages->common_doSave, ARGS: []
#7 /var/www/gwcms/admin/lib/cms/gw_common_module.class.php:429, function call_user_func_array, ARGS: 
#8 /var/www/gwcms/admin/lib/cms/gw_module.class.php:122, $Module_Pages->__call, ARGS: ["dosave",[]]
#9 /var/www/gwcms/admin/lib/cms/gw_module.class.php:122, $Module_Pages->dosave, ARGS: []
#10 /var/www/gwcms/admin/lib/cms/gw_module.class.php:160, $Module_Pages->process_act, ARGS: ["do:save"]
#11 /var/www/gwcms/admin/lib/cms/gw_request.class.php:294, $Module_Pages->process, ARGS: [["form"],{"url":"lt\/sitemap\/pages\/45\/form","act":"do:save","item":{"id":"45","type":"0","parent_id":"-1","pathname":"home","title":"labadiena","meta_description":"","template_id":"14","active":"1","in_menu":"1","input_data":{"tekstas":"<p>\r\n\ttetastasd<\/p>\r\n"}},"submit_type":"1"}]
#12 /var/www/gwcms/admin/lib/cms/gw_request.class.php:396, $GW_Request->processModule, ARGS: [{"dirname":"sitemap","path":["sitemap","pages"],"module":"pages","params":["form"]},{"url":"lt\/sitemap\/pages\/45\/form","act":"do:save","item":{"id":"45","type":"0","parent_id":"-1","pathname":"home","title":"labadiena","meta_description":"","template_id":"14","active":"1","in_menu":"1","input_data":{"tekstas":"<p>\r\n\ttetastasd<\/p>\r\n"}},"submit_type":"1"}]
#13 /var/www/gwcms/admin/index.php:23, $GW_Request->process, ARGS: []

--------------------------------

[14-09-07 21:57:52] MySQL_ERROR: Unknown column 'title' in 'field list' (1054)
[14-09-07 21:57:52] MySQL_QUERY: UPDATE gw_sitemap SET `type`="0", `parent_id`="-1", `pathname`="home", `title`="labadiena", `meta_description`="", `template_id`="14", `active`="1", `in_menu`="1", `update_time`="2014-09-07 21:57:52" WHERE `id`=45;
[14-09-07 21:57:52] BACKTRACE: 
--------------------------------
#0 /var/www/gwcms/admin/lib/data/gw_db.class.php:63, $GW_DB->error, ARGS: ["UPDATE gw_sitemap SET `type`=\"0\", `parent_id`=\"-1\", `pathname`=\"home\", `title`=\"labadiena\", `meta_description`=\"\", `template_id`=\"14\", `active`=\"1\", `in_menu`=\"1\", `update_time`=\"2014-09-07 21:57:52\" WHERE `id`=45;"]
#1 /var/www/gwcms/admin/lib/data/gw_db.class.php:105, $GW_DB->trigger_error, ARGS: ["UPDATE gw_sitemap SET `type`=\"0\", `parent_id`=\"-1\", `pathname`=\"home\", `title`=\"labadiena\", `meta_description`=\"\", `template_id`=\"14\", `active`=\"1\", `in_menu`=\"1\", `update_time`=\"2014-09-07 21:57:52\" WHERE `id`=45;"]
#2 /var/www/gwcms/admin/lib/data/gw_db.class.php:295, $GW_DB->query, ARGS: ["UPDATE gw_sitemap SET `type`=\"0\", `parent_id`=\"-1\", `pathname`=\"home\", `title`=\"labadiena\", `meta_description`=\"\", `template_id`=\"14\", `active`=\"1\", `in_menu`=\"1\", `update_time`=\"2014-09-07 21:57:52\" WHERE `id`=45;",false]
#3 /var/www/gwcms/admin/lib/data/gw_data_object.class.php:310, $GW_DB->update, ARGS: ["gw_sitemap","`id`=45",{"type":"0","parent_id":"-1","pathname":"home","title":"labadiena","meta_description":"","template_id":"14","active":"1","in_menu":"1","update_time":"2014-09-07 21:57:52"}]
#4 /var/www/gwcms/admin/lib/data/gw_data_object.class.php:413, $GW_Page->update, ARGS: []
#5 /var/www/gwcms/admin/lib/cms/gw_common_module.class.php:125, $GW_Page->save, ARGS: []
#6 :, $Module_Pages->common_doSave, ARGS: []
#7 /var/www/gwcms/admin/lib/cms/gw_common_module.class.php:429, function call_user_func_array, ARGS: 
#8 /var/www/gwcms/admin/lib/cms/gw_module.class.php:122, $Module_Pages->__call, ARGS: ["dosave",[]]
#9 /var/www/gwcms/admin/lib/cms/gw_module.class.php:122, $Module_Pages->dosave, ARGS: []
#10 /var/www/gwcms/admin/lib/cms/gw_module.class.php:160, $Module_Pages->process_act, ARGS: ["do:save"]
#11 /var/www/gwcms/admin/lib/cms/gw_request.class.php:294, $Module_Pages->process, ARGS: [["form"],{"url":"lt\/sitemap\/pages\/45\/form","act":"do:save","item":{"id":"45","type":"0","parent_id":"-1","pathname":"home","title":"labadiena","meta_description":"","template_id":"14","active":"1","in_menu":"1","input_data":{"tekstas":"<p>\r\n\ttetastasd<\/p>\r\n"}},"submit_type":"1"}]
#12 /var/www/gwcms/admin/lib/cms/gw_request.class.php:396, $GW_Request->processModule, ARGS: [{"dirname":"sitemap","path":["sitemap","pages"],"module":"pages","params":["form"]},{"url":"lt\/sitemap\/pages\/45\/form","act":"do:save","item":{"id":"45","type":"0","parent_id":"-1","pathname":"home","title":"labadiena","meta_description":"","template_id":"14","active":"1","in_menu":"1","input_data":{"tekstas":"<p>\r\n\ttetastasd<\/p>\r\n"}},"submit_type":"1"}]
#13 /var/www/gwcms/admin/index.php:23, $GW_Request->process, ARGS: []

--------------------------------

[14-09-07 21:58:11] MySQL_ERROR: Unknown column 'title' in 'field list' (1054)
[14-09-07 21:58:11] MySQL_QUERY: UPDATE gw_sitemap SET `type`="0", `parent_id`="-1", `pathname`="home", `title`="labadiena", `meta_description`="", `template_id`="14", `active`="1", `in_menu`="1", `update_time`="2014-09-07 21:58:11" WHERE `id`=45;
[14-09-07 21:58:11] BACKTRACE: 
--------------------------------
#0 /var/www/gwcms/admin/lib/data/gw_db.class.php:63, $GW_DB->error, ARGS: ["UPDATE gw_sitemap SET `type`=\"0\", `parent_id`=\"-1\", `pathname`=\"home\", `title`=\"labadiena\", `meta_description`=\"\", `template_id`=\"14\", `active`=\"1\", `in_menu`=\"1\", `update_time`=\"2014-09-07 21:58:11\" WHERE `id`=45;"]
#1 /var/www/gwcms/admin/lib/data/gw_db.class.php:105, $GW_DB->trigger_error, ARGS: ["UPDATE gw_sitemap SET `type`=\"0\", `parent_id`=\"-1\", `pathname`=\"home\", `title`=\"labadiena\", `meta_description`=\"\", `template_id`=\"14\", `active`=\"1\", `in_menu`=\"1\", `update_time`=\"2014-09-07 21:58:11\" WHERE `id`=45;"]
#2 /var/www/gwcms/admin/lib/data/gw_db.class.php:295, $GW_DB->query, ARGS: ["UPDATE gw_sitemap SET `type`=\"0\", `parent_id`=\"-1\", `pathname`=\"home\", `title`=\"labadiena\", `meta_description`=\"\", `template_id`=\"14\", `active`=\"1\", `in_menu`=\"1\", `update_time`=\"2014-09-07 21:58:11\" WHERE `id`=45;",false]
#3 /var/www/gwcms/admin/lib/data/gw_data_object.class.php:310, $GW_DB->update, ARGS: ["gw_sitemap","`id`=45",{"type":"0","parent_id":"-1","pathname":"home","title":"labadiena","meta_description":"","template_id":"14","active":"1","in_menu":"1","update_time":"2014-09-07 21:58:11"}]
#4 /var/www/gwcms/admin/lib/data/gw_data_object.class.php:413, $GW_Page->update, ARGS: []
#5 /var/www/gwcms/admin/lib/cms/gw_common_module.class.php:125, $GW_Page->save, ARGS: []
#6 :, $Module_Pages->common_doSave, ARGS: []
#7 /var/www/gwcms/admin/lib/cms/gw_common_module.class.php:429, function call_user_func_array, ARGS: 
#8 /var/www/gwcms/admin/lib/cms/gw_module.class.php:122, $Module_Pages->__call, ARGS: ["dosave",[]]
#9 /var/www/gwcms/admin/lib/cms/gw_module.class.php:122, $Module_Pages->dosave, ARGS: []
#10 /var/www/gwcms/admin/lib/cms/gw_module.class.php:160, $Module_Pages->process_act, ARGS: ["do:save"]
#11 /var/www/gwcms/admin/lib/cms/gw_request.class.php:294, $Module_Pages->process, ARGS: [["form"],{"url":"lt\/sitemap\/pages\/45\/form","act":"do:save","item":{"id":"45","type":"0","parent_id":"-1","pathname":"home","title":"labadiena","meta_description":"","template_id":"14","active":"1","in_menu":"1","input_data":{"tekstas":"<p>\r\n\ttetastasd<\/p>\r\n"}},"submit_type":"1"}]
#12 /var/www/gwcms/admin/lib/cms/gw_request.class.php:396, $GW_Request->processModule, ARGS: [{"dirname":"sitemap","path":["sitemap","pages"],"module":"pages","params":["form"]},{"url":"lt\/sitemap\/pages\/45\/form","act":"do:save","item":{"id":"45","type":"0","parent_id":"-1","pathname":"home","title":"labadiena","meta_description":"","template_id":"14","active":"1","in_menu":"1","input_data":{"tekstas":"<p>\r\n\ttetastasd<\/p>\r\n"}},"submit_type":"1"}]
#13 /var/www/gwcms/admin/index.php:23, $GW_Request->process, ARGS: []

--------------------------------

[14-09-07 21:59:55] MySQL_ERROR: Unknown column 'title' in 'field list' (1054)
[14-09-07 21:59:55] MySQL_QUERY: UPDATE gw_sitemap SET `type`="0", `parent_id`="-1", `pathname`="home", `title`="labadiena", `meta_description`="", `template_id`="14", `active`="1", `in_menu`="1", `update_time`="2014-09-07 21:59:55" WHERE `id`=45;
[14-09-07 21:59:55] BACKTRACE: 
--------------------------------
#0 /var/www/gwcms/admin/lib/data/gw_db.class.php:63, $GW_DB->error, ARGS: ["UPDATE gw_sitemap SET `type`=\"0\", `parent_id`=\"-1\", `pathname`=\"home\", `title`=\"labadiena\", `meta_description`=\"\", `template_id`=\"14\", `active`=\"1\", `in_menu`=\"1\", `update_time`=\"2014-09-07 21:59:55\" WHERE `id`=45;"]
#1 /var/www/gwcms/admin/lib/data/gw_db.class.php:105, $GW_DB->trigger_error, ARGS: ["UPDATE gw_sitemap SET `type`=\"0\", `parent_id`=\"-1\", `pathname`=\"home\", `title`=\"labadiena\", `meta_description`=\"\", `template_id`=\"14\", `active`=\"1\", `in_menu`=\"1\", `update_time`=\"2014-09-07 21:59:55\" WHERE `id`=45;"]
#2 /var/www/gwcms/admin/lib/data/gw_db.class.php:295, $GW_DB->query, ARGS: ["UPDATE gw_sitemap SET `type`=\"0\", `parent_id`=\"-1\", `pathname`=\"home\", `title`=\"labadiena\", `meta_description`=\"\", `template_id`=\"14\", `active`=\"1\", `in_menu`=\"1\", `update_time`=\"2014-09-07 21:59:55\" WHERE `id`=45;",false]
#3 /var/www/gwcms/admin/lib/data/gw_data_object.class.php:310, $GW_DB->update, ARGS: ["gw_sitemap","`id`=45",{"type":"0","parent_id":"-1","pathname":"home","title":"labadiena","meta_description":"","template_id":"14","active":"1","in_menu":"1","update_time":"2014-09-07 21:59:55"}]
#4 /var/www/gwcms/admin/lib/data/gw_data_object.class.php:413, $GW_Page->update, ARGS: []
#5 /var/www/gwcms/admin/lib/cms/gw_common_module.class.php:125, $GW_Page->save, ARGS: []
#6 -:, $Module_Pages->common_doSave, ARGS: []
#7 /var/www/gwcms/admin/lib/cms/gw_common_module.class.php:429, function call_user_func_array, ARGS: 
#8 /var/www/gwcms/admin/lib/cms/gw_module.class.php:122, $Module_Pages->__call, ARGS: ["dosave",[]]
#9 /var/www/gwcms/admin/lib/cms/gw_module.class.php:122, $Module_Pages->dosave, ARGS: []
#10 /var/www/gwcms/admin/lib/cms/gw_module.class.php:160, $Module_Pages->process_act, ARGS: ["do:save"]
#11 /var/www/gwcms/admin/lib/cms/gw_request.class.php:294, $Module_Pages->process, ARGS: [["form"],{"url":"lt\/sitemap\/pages\/45\/form","act":"do:save","item":{"id":"45","type":"0","parent_id":"-1","pathname":"home","title":"labadiena","meta_description":"","template_id":"14","active":"1","in_menu":"1","input_data":{"tekstas":"<p>\r\n\ttetastasd<\/p>\r\n"}},"submit_type":"1"}]
#12 /var/www/gwcms/admin/lib/cms/gw_request.class.php:396, $GW_Request->processModule, ARGS: [{"dirname":"sitemap","path":["sitemap","pages"],"module":"pages","params":["form"]},{"url":"lt\/sitemap\/pages\/45\/form","act":"do:save","item":{"id":"45","type":"0","parent_id":"-1","pathname":"home","title":"labadiena","meta_description":"","template_id":"14","active":"1","in_menu":"1","input_data":{"tekstas":"<p>\r\n\ttetastasd<\/p>\r\n"}},"submit_type":"1"}]
#13 /var/www/gwcms/admin/index.php:23, $GW_Request->process, ARGS: []

--------------------------------

[14-09-07 22:00:12] MySQL_ERROR: Unknown column 'title' in 'field list' (1054)
[14-09-07 22:00:12] MySQL_QUERY: UPDATE gw_sitemap SET `type`="0", `parent_id`="-1", `pathname`="home", `title`="labadiena", `meta_description`="", `template_id`="14", `active`="1", `in_menu`="1", `update_time`="2014-09-07 22:00:12" WHERE `id`=45;
[14-09-07 22:00:12] BACKTRACE: 
--------------------------------
#0 /var/www/gwcms/admin/lib/data/gw_db.class.php:63, $GW_DB->error, ARGS: ["UPDATE gw_sitemap SET `type`=\"0\", `parent_id`=\"-1\", `pathname`=\"home\", `title`=\"labadiena\", `meta_description`=\"\", `template_id`=\"14\", `active`=\"1\", `in_menu`=\"1\", `update_time`=\"2014-09-07 22:00:12\" WHERE `id`=45;"]
#1 /var/www/gwcms/admin/lib/data/gw_db.class.php:105, $GW_DB->trigger_error, ARGS: ["UPDATE gw_sitemap SET `type`=\"0\", `parent_id`=\"-1\", `pathname`=\"home\", `title`=\"labadiena\", `meta_description`=\"\", `template_id`=\"14\", `active`=\"1\", `in_menu`=\"1\", `update_time`=\"2014-09-07 22:00:12\" WHERE `id`=45;"]
#2 /var/www/gwcms/admin/lib/data/gw_db.class.php:295, $GW_DB->query, ARGS: ["UPDATE gw_sitemap SET `type`=\"0\", `parent_id`=\"-1\", `pathname`=\"home\", `title`=\"labadiena\", `meta_description`=\"\", `template_id`=\"14\", `active`=\"1\", `in_menu`=\"1\", `update_time`=\"2014-09-07 22:00:12\" WHERE `id`=45;",false]
#3 /var/www/gwcms/admin/lib/data/gw_data_object.class.php:310, $GW_DB->update, ARGS: ["gw_sitemap","`id`=45",{"type":"0","parent_id":"-1","pathname":"home","title":"labadiena","meta_description":"","template_id":"14","active":"1","in_menu":"1","update_time":"2014-09-07 22:00:12"}]
#4 /var/www/gwcms/admin/lib/data/gw_data_object.class.php:413, $GW_Page->update, ARGS: []
#5 /var/www/gwcms/admin/lib/cms/gw_common_module.class.php:125, $GW_Page->save, ARGS: []
#6 -:, $Module_Pages->common_doSave, ARGS: []
#7 /var/www/gwcms/admin/lib/cms/gw_common_module.class.php:429, function call_user_func_array, ARGS: 
#8 /var/www/gwcms/admin/lib/cms/gw_module.class.php:122, $Module_Pages->__call, ARGS: ["dosave",[]]
#9 /var/www/gwcms/admin/lib/cms/gw_module.class.php:122, $Module_Pages->dosave, ARGS: []
#10 /var/www/gwcms/admin/lib/cms/gw_module.class.php:160, $Module_Pages->process_act, ARGS: ["do:save"]
#11 /var/www/gwcms/admin/lib/cms/gw_request.class.php:294, $Module_Pages->process, ARGS: [["form"],{"url":"lt\/sitemap\/pages\/45\/form","act":"do:save","item":{"id":"45","type":"0","parent_id":"-1","pathname":"home","title":"labadiena","meta_description":"","template_id":"14","active":"1","in_menu":"1","input_data":{"tekstas":"<p>\r\n\ttetastasd<\/p>\r\n"}},"submit_type":"1"}]
#12 /var/www/gwcms/admin/lib/cms/gw_request.class.php:396, $GW_Request->processModule, ARGS: [{"dirname":"sitemap","path":["sitemap","pages"],"module":"pages","params":["form"]},{"url":"lt\/sitemap\/pages\/45\/form","act":"do:save","item":{"id":"45","type":"0","parent_id":"-1","pathname":"home","title":"labadiena","meta_description":"","template_id":"14","active":"1","in_menu":"1","input_data":{"tekstas":"<p>\r\n\ttetastasd<\/p>\r\n"}},"submit_type":"1"}]
#13 /var/www/gwcms/admin/index.php:23, $GW_Request->process, ARGS: []

--------------------------------

[14-09-07 22:01:01] MySQL_ERROR: Unknown column 'title' in 'field list' (1054)
[14-09-07 22:01:01] MySQL_QUERY: UPDATE gw_sitemap SET `type`="0", `parent_id`="-1", `pathname`="home", `title`="labadiena", `meta_description`="", `template_id`="14", `active`="1", `in_menu`="1", `update_time`="2014-09-07 22:01:01" WHERE `id`=45;
[14-09-07 22:01:01] BACKTRACE: 
--------------------------------
#0 /var/www/gwcms/admin/lib/data/gw_db.class.php:63, $GW_DB->error, ARGS: ["UPDATE gw_sitemap SET `type`=\"0\", `parent_id`=\"-1\", `pathname`=\"home\", `title`=\"labadiena\", `meta_description`=\"\", `template_id`=\"14\", `active`=\"1\", `in_menu`=\"1\", `update_time`=\"2014-09-07 22:01:01\" WHERE `id`=45;"]
#1 /var/www/gwcms/admin/lib/data/gw_db.class.php:105, $GW_DB->trigger_error, ARGS: ["UPDATE gw_sitemap SET `type`=\"0\", `parent_id`=\"-1\", `pathname`=\"home\", `title`=\"labadiena\", `meta_description`=\"\", `template_id`=\"14\", `active`=\"1\", `in_menu`=\"1\", `update_time`=\"2014-09-07 22:01:01\" WHERE `id`=45;"]
#2 /var/www/gwcms/admin/lib/data/gw_db.class.php:295, $GW_DB->query, ARGS: ["UPDATE gw_sitemap SET `type`=\"0\", `parent_id`=\"-1\", `pathname`=\"home\", `title`=\"labadiena\", `meta_description`=\"\", `template_id`=\"14\", `active`=\"1\", `in_menu`=\"1\", `update_time`=\"2014-09-07 22:01:01\" WHERE `id`=45;",false]
#3 /var/www/gwcms/admin/lib/data/gw_data_object.class.php:310, $GW_DB->update, ARGS: ["gw_sitemap","`id`=45",{"type":"0","parent_id":"-1","pathname":"home","title":"labadiena","meta_description":"","template_id":"14","active":"1","in_menu":"1","update_time":"2014-09-07 22:01:01"}]
#4 /var/www/gwcms/admin/lib/data/gw_data_object.class.php:413, $GW_Page->update, ARGS: []
#5 /var/www/gwcms/admin/lib/cms/gw_common_module.class.php:125, $GW_Page->save, ARGS: []
#6 -:-, $Module_Pages->common_doSave, ARGS: []
#7 /var/www/gwcms/admin/lib/cms/gw_common_module.class.php:429, function call_user_func_array, ARGS: 
#8 /var/www/gwcms/admin/lib/cms/gw_module.class.php:122, $Module_Pages->__call, ARGS: ["dosave",[]]
#9 /var/www/gwcms/admin/lib/cms/gw_module.class.php:122, $Module_Pages->dosave, ARGS: []
#10 /var/www/gwcms/admin/lib/cms/gw_module.class.php:160, $Module_Pages->process_act, ARGS: ["do:save"]
#11 /var/www/gwcms/admin/lib/cms/gw_request.class.php:294, $Module_Pages->process, ARGS: [["form"],{"url":"lt\/sitemap\/pages\/45\/form","act":"do:save","item":{"id":"45","type":"0","parent_id":"-1","pathname":"home","title":"labadiena","meta_description":"","template_id":"14","active":"1","in_menu":"1","input_data":{"tekstas":"<p>\r\n\ttetastasd<\/p>\r\n"}},"submit_type":"1"}]
#12 /var/www/gwcms/admin/lib/cms/gw_request.class.php:396, $GW_Request->processModule, ARGS: [{"dirname":"sitemap","path":["sitemap","pages"],"module":"pages","params":["form"]},{"url":"lt\/sitemap\/pages\/45\/form","act":"do:save","item":{"id":"45","type":"0","parent_id":"-1","pathname":"home","title":"labadiena","meta_description":"","template_id":"14","active":"1","in_menu":"1","input_data":{"tekstas":"<p>\r\n\ttetastasd<\/p>\r\n"}},"submit_type":"1"}]
#13 /var/www/gwcms/admin/index.php:23, $GW_Request->process, ARGS: []

--------------------------------

