120511 05:47:54 #256: MySQL_ERROR: Access denied for user 'gw_cms'@'localhost' (using password: YES) (1045). File: /var/www/gw_cms/admin/lib/data/gw_db.class.php:65 remote_addr: 127.0.0.1
Backtrace:
--------------
#0 /var/www/gw_cms/admin/lib/data/gw_db.class.php:65, function trigger_error, ARGS: ["MySQL_ERROR: Access denied for user 'gw_cms'@'localhost' (using password: YES) (1045)",256]
#1 /var/www/gw_cms/admin/lib/data/gw_db.class.php:37, $GW_DB->trigger_error, ARGS: []
#2 /var/www/gw_cms/admin/lib/data/gw_db.class.php:53, $GW_DB->connect, ARGS: [["gw_cms","KhypJcX9xztbAMSy","localhost","gw_cms"]]
#3 /var/www/gw_cms/admin/init_basic.php:14, $GW_DB->__construct, ARGS: []
#4 /var/www/gw_cms/admin/init.php:6, function include, ARGS: ["\/var\/www\/gw_cms\/admin\/init_basic.php"]
#5 /var/www/gw_cms/admin/index.php:6, function include, ARGS: ["\/var\/www\/gw_cms\/admin\/init.php"]
--------------
120511 05:50:20 #2: file_put_contents(/var/www/gw_cms/admin/repository/.sys/cache/lang/admin_modules_articles_lang.xml_lt.dat): failed to open stream: Permission denied. File: /var/www/gw_cms/admin/lib/gw_lang_xml.class.php:24 remote_addr: 127.0.0.1
Backtrace:
--------------
#0 /var/www/gw_cms/admin/lib/gw_lang_xml.class.php:24, function file_put_contents, ARGS: ["\/var\/www\/gw_cms\/admin\/repository\/.sys\/cache\/lang\/admin_modules_articles_lang.xml_lt.dat","a:2:{s:6:\"FIELDS\";a:4:{s:4:\"text\";s:7:\"Turinys\";s:6:\"active\";s:7:\"Aktyvus\";s:5:\"title\";s:11:\"Pavadinimas\";s:4:\"desc\";s:10:\"Apra\u0161ymas\";}s:3:\"MAP\";a:3:{s:5:\"title\";s:11:\"Straipsniai\";s:4:\"info\";a:1:{s:5:\"model\";s:10:\"GW_Article\";}s:6:\"childs\";a:1:{s:6:\"groups\";a:2:{s:5:\"title\";s:7:\"Grup\u0117s\";s:4:\"info\";a:1:{s:5:\"model\";s:17:\"GW_Articles_Group\";}}}}}"]
#1 /var/www/gw_cms/admin/lib/gw_lang_xml.class.php:40, function saveCached, ARGS: ["\/var\/www\/gw_cms\/admin\/repository\/.sys\/cache\/lang\/admin_modules_articles_lang.xml_lt.dat",{"FIELDS":{"text":"Turinys","active":"Aktyvus","title":"Pavadinimas","desc":"Apra\u0161ymas"},"MAP":{"title":"Straipsniai","info":{"model":"GW_Article"},"childs":{"groups":{"title":"Grup\u0117s","info":{"model":"GW_Articles_Group"}}}}}]
#2 /var/www/gw_cms/admin/lib/gw_lang_xml.class.php:55, function load, ARGS: ["\/var\/www\/gw_cms\/admin\/modules\/articles\/lang.xml","lt"]
#3 /var/www/gw_cms/admin/lib/helpers/gw_adm_sitemap_helper.class.php:43, function getAllLn, ARGS: ["\/var\/www\/gw_cms\/admin\/modules\/articles\/lang.xml"]
#4 /var/www/gw_cms/admin/lib/helpers/gw_adm_sitemap_helper.class.php:57, function loadModuleMap, ARGS: ["articles"]
#5 /var/www/gw_cms/admin/lib/helpers/gw_adm_sitemap_helper.class.php:127, function syncModule, ARGS: ["articles"]
#6 /var/www/gw_cms/admin/index.php:14, function updateSitemap, ARGS: []
--------------
120511 05:50:20 #2: file_put_contents(/var/www/gw_cms/admin/repository/.sys/cache/lang/admin_modules_gallery_lang.xml_lt.dat): failed to open stream: Permission denied. File: /var/www/gw_cms/admin/lib/gw_lang_xml.class.php:24 remote_addr: 127.0.0.1
Backtrace:
--------------
#0 /var/www/gw_cms/admin/lib/gw_lang_xml.class.php:24, function file_put_contents, ARGS: ["\/var\/www\/gw_cms\/admin\/repository\/.sys\/cache\/lang\/admin_modules_gallery_lang.xml_lt.dat","a:11:{s:4:\"ROOT\";s:9:\"\u0160akninis\";s:3:\"CMS\";s:23:\"Turinio valdymo sistema\";s:6:\"PUBLIC\";s:13:\"Vie\u0161a sritis\";s:21:\"GALLERY_ITEM_TYPE_OPT\";a:2:{i:0;s:9:\"Atvaizdas\";i:1;s:9:\"Katalogas\";}s:10:\"ZIP_IMPORT\";s:18:\"Importuoti i\u0161 zip\";s:8:\"ZIP_FILE\";s:8:\"Zip byla\";s:21:\"PLEASE_WAIT_UPLOADING\";s:38:\"Pra\u0161ome palaukti. Siun\u010diami duomenys\";s:21:\"GALLERY_ADM_STYLE_OPT\";a:2:{i:0;s:9:\"S\u0105ra\u0161as\";i:1;s:12:\"Miniati\u016bros\";}s:6:\"FIELDS\";a:10:{s:6:\"author\";s:8:\"Autorius\";s:10:\"store_size\";s:24:\"Saugojamo atvaizdo dydis\";s:16:\"thunmbnails_size\";s:18:\"Miniati\u016br\u0173 dydis\";s:20:\"adm_thunmbnails_size\";s:21:\"TVS miniatiur\u0173 dydis\";s:12:\"display_size\";s:24:\"Padidinto atvaizdo dydis\";s:7:\"page_by\";s:29:\"Atvaizd\u0173 skai\u010dius puslapyje\";s:18:\"enable_description\";s:18:\"Apra\u0161ymo \u012fvestis\";s:13:\"enable_author\";s:18:\"Autoriaus \u012fvestis\";s:9:\"parent_id\";s:9:\"Katalogas\";s:14:\"adm_list_style\";s:16:\"S\u0105ra\u0161o stilius\";}s:11:\"FIELD_NOTES\";a:1:{s:7:\"page_by\";s:28:\"0 - puslapiavimas i\u0161jungtas\";}s:3:\"MAP\";a:2:{s:5:\"title\";s:8:\"Galerija\";s:6:\"childs\";a:2:{s:5:\"items\";a:2:{s:5:\"title\";s:8:\"Galerija\";s:4:\"info\";a:1:{s:5:\"model\";s:15:\"GW_Gallery_Item\";}}s:6:\"config\";a:1:{s:5:\"title\";s:10:\"Nustatymai\";}}}}"]
#1 /var/www/gw_cms/admin/lib/gw_lang_xml.class.php:40, function saveCached, ARGS: ["\/var\/www\/gw_cms\/admin\/repository\/.sys\/cache\/lang\/admin_modules_gallery_lang.xml_lt.dat",{"ROOT":"\u0160akninis","CMS":"Turinio valdymo sistema","PUBLIC":"Vie\u0161a sritis","GALLERY_ITEM_TYPE_OPT":["Atvaizdas","Katalogas"],"ZIP_IMPORT":"Importuoti i\u0161 zip","ZIP_FILE":"Zip byla","PLEASE_WAIT_UPLOADING":"Pra\u0161ome palaukti. Siun\u010diami duomenys","GALLERY_ADM_STYLE_OPT":["S\u0105ra\u0161as","Miniati\u016bros"],"FIELDS":{"author":"Autorius","store_size":"Saugojamo atvaizdo dydis","thunmbnails_size":"Miniati\u016br\u0173 dydis","adm_thunmbnails_size":"TVS miniatiur\u0173 dydis","display_size":"Padidinto atvaizdo dydis","page_by":"Atvaizd\u0173 skai\u010dius puslapyje","enable_description":"Apra\u0161ymo \u012fvestis","enable_author":"Autoriaus \u012fvestis","parent_id":"Katalogas","adm_list_style":"S\u0105ra\u0161o stilius"},"FIELD_NOTES":{"page_by":"0 - puslapiavimas i\u0161jungtas"},"MAP":{"title":"Galerija","childs":{"items":{"title":"Galerija","info":{"model":"GW_Gallery_Item"}},"config":{"title":"Nustatymai"}}}}]
#2 /var/www/gw_cms/admin/lib/gw_lang_xml.class.php:55, function load, ARGS: ["\/var\/www\/gw_cms\/admin\/modules\/gallery\/lang.xml","lt"]
#3 /var/www/gw_cms/admin/lib/helpers/gw_adm_sitemap_helper.class.php:43, function getAllLn, ARGS: ["\/var\/www\/gw_cms\/admin\/modules\/gallery\/lang.xml"]
#4 /var/www/gw_cms/admin/lib/helpers/gw_adm_sitemap_helper.class.php:57, function loadModuleMap, ARGS: ["gallery"]
#5 /var/www/gw_cms/admin/lib/helpers/gw_adm_sitemap_helper.class.php:127, function syncModule, ARGS: ["gallery"]
#6 /var/www/gw_cms/admin/index.php:14, function updateSitemap, ARGS: []
--------------
120511 05:50:20 #2: file_put_contents(/var/www/gw_cms/admin/repository/.sys/cache/lang/admin_modules_todo_lang.xml_lt.dat): failed to open stream: Permission denied. File: /var/www/gw_cms/admin/lib/gw_lang_xml.class.php:24 remote_addr: 127.0.0.1
Backtrace:
--------------
#0 /var/www/gw_cms/admin/lib/gw_lang_xml.class.php:24, function file_put_contents, ARGS: ["\/var\/www\/gw_cms\/admin\/repository\/.sys\/cache\/lang\/admin_modules_todo_lang.xml_lt.dat","a:8:{s:4:\"ROOT\";s:9:\"\u0160akninis\";s:21:\"GALLERY_ITEM_TYPE_OPT\";a:2:{i:0;s:8:\"\u012era\u0161as\";i:1;s:10:\"Kategorija\";}s:6:\"FIELDS\";a:8:{s:11:\"description\";s:10:\"Apra\u0161ymas\";s:5:\"state\";s:7:\"B\u016bkl\u0117\";s:9:\"parent_id\";s:10:\"Kategorija\";s:8:\"priority\";s:6:\"Svarba\";s:8:\"deadline\";s:8:\"Terminas\";s:8:\"job_type\";s:5:\"Tipas\";s:11:\"user_create\";s:8:\"Suk\u016br\u0117\";s:9:\"user_exec\";s:12:\"Egzekutorius\";}s:12:\"PRIORITY_OPT\";a:10:{i:1;s:14:\"1 - Svarstymas\";i:2;s:35:\"2 - Laukiantis prioriteto pak\u0117limo\";i:3;s:33:\"3 - Patvirtintas, zemo prioriteto\";i:4;s:1:\"4\";i:5;s:13:\"5 - Vidutinis\";i:6;s:1:\"6\";i:7;s:1:\"7\";i:8;s:10:\"8 - Skubus\";i:9;s:17:\"9 - Labai skubus!\";i:10;s:31:\"10 - Kritinis!, negalima dirbti\";}s:9:\"STATE_OPT\";a:6:{i:5;s:34:\"<font color=\"silver\">Naujas<\/font>\";i:10;s:34:\"<font color=\"blue\">Priimtas<\/font>\";i:15;s:42:\"<font color=\"green\"><b>Vykdomas<\/b><\/font>\";i:100;s:35:\"<font color=\"green\">Atliktas<\/font>\";i:110;s:44:\"<font color=\"red\">Atliktas. Nepilnai.<\/font>\";i:200;s:33:\"<font color=\"red\">Atmestas<\/font>\";}s:18:\"TODO_ITEM_TYPE_OPT\";a:2:{i:0;s:8:\"\u012era\u0161as\";i:1;s:9:\"Katalogas\";}s:22:\"TODO_ITEM_JOB_TYPE_OPT\";a:2:{i:10;s:6:\"Naujas\";i:50;s:10:\"Pataisymas\";}s:3:\"MAP\";a:2:{s:5:\"title\";s:6:\"Darbai\";s:6:\"childs\";a:1:{s:5:\"items\";a:2:{s:5:\"title\";s:16:\"Darb\u0173 s\u0105ra\u0161as\";s:4:\"info\";a:1:{s:5:\"model\";s:9:\"todo_item\";}}}}}"]
#1 /var/www/gw_cms/admin/lib/gw_lang_xml.class.php:40, function saveCached, ARGS: ["\/var\/www\/gw_cms\/admin\/repository\/.sys\/cache\/lang\/admin_modules_todo_lang.xml_lt.dat",{"ROOT":"\u0160akninis","GALLERY_ITEM_TYPE_OPT":["\u012era\u0161as","Kategorija"],"FIELDS":{"description":"Apra\u0161ymas","state":"B\u016bkl\u0117","parent_id":"Kategorija","priority":"Svarba","deadline":"Terminas","job_type":"Tipas","user_create":"Suk\u016br\u0117","user_exec":"Egzekutorius"},"PRIORITY_OPT":{"1":"1 - Svarstymas","2":"2 - Laukiantis prioriteto pak\u0117limo","3":"3 - Patvirtintas, zemo prioriteto","4":"4","5":"5 - Vidutinis","6":"6","7":"7","8":"8 - Skubus","9":"9 - Labai skubus!","10":"10 - Kritinis!, negalima dirbti"},"STATE_OPT":{"5":"<font color=\"silver\">Naujas<\/font>","10":"<font color=\"blue\">Priimtas<\/font>","15":"<font color=\"green\"><b>Vykdomas<\/b><\/font>","100":"<font color=\"green\">Atliktas<\/font>","110":"<font color=\"red\">Atliktas. Nepilnai.<\/font>","200":"<font color=\"red\">Atmestas<\/font>"},"TODO_ITEM_TYPE_OPT":["\u012era\u0161as","Katalogas"],"TODO_ITEM_JOB_TYPE_OPT":{"10":"Naujas","50":"Pataisymas"},"MAP":{"title":"Darbai","childs":{"items":{"title":"Darb\u0173 s\u0105ra\u0161as","info":{"model":"todo_item"}}}}}]
#2 /var/www/gw_cms/admin/lib/gw_lang_xml.class.php:55, function load, ARGS: ["\/var\/www\/gw_cms\/admin\/modules\/todo\/lang.xml","lt"]
#3 /var/www/gw_cms/admin/lib/helpers/gw_adm_sitemap_helper.class.php:43, function getAllLn, ARGS: ["\/var\/www\/gw_cms\/admin\/modules\/todo\/lang.xml"]
#4 /var/www/gw_cms/admin/lib/helpers/gw_adm_sitemap_helper.class.php:57, function loadModuleMap, ARGS: ["todo"]
#5 /var/www/gw_cms/admin/lib/helpers/gw_adm_sitemap_helper.class.php:127, function syncModule, ARGS: ["todo"]
#6 /var/www/gw_cms/admin/index.php:14, function updateSitemap, ARGS: []
--------------
120511 05:50:20 #2: file_put_contents(/var/www/gw_cms/admin/repository/.sys/cache/lang/admin_modules_users_lang.xml_lt.dat): failed to open stream: Permission denied. File: /var/www/gw_cms/admin/lib/gw_lang_xml.class.php:24 remote_addr: 127.0.0.1
Backtrace:
--------------
#0 /var/www/gw_cms/admin/lib/gw_lang_xml.class.php:24, function file_put_contents, ARGS: ["\/var\/www\/gw_cms\/admin\/repository\/.sys\/cache\/lang\/admin_modules_users_lang.xml_lt.dat","a:11:{s:7:\"PROFILE\";s:8:\"Profilis\";s:19:\"CHANGE_PROFILE_DATA\";s:24:\"Keisti profilio duomenis\";s:11:\"CHANGE_PASS\";s:21:\"Pakeisti slapta\u017eod\u012f\";s:6:\"FIELDS\";a:19:{s:5:\"email\";s:18:\"El. pa\u0161to adresas\";s:4:\"name\";s:16:\"Vardas, pavard\u0117\";s:8:\"pass_old\";s:18:\"Senas slapta\u017eodis\";s:8:\"pass_new\";s:19:\"Naujas slapta\u017eodis\";s:15:\"pass_new_repeat\";s:31:\"Naujas slapta\u017eodis (pakartoti)\";s:8:\"username\";s:10:\"Vartotojas\";s:4:\"pass\";s:12:\"Slapta\u017eodis\";s:6:\"active\";s:7:\"Aktyvus\";s:2:\"id\";s:2:\"Id\";s:6:\"rights\";s:7:\"Teis\u0117s\";s:10:\"login_time\";s:24:\"Paskutinis prisijungimas\";s:11:\"login_count\";s:23:\"Prisijungim\u0173 skai\u010dius\";s:5:\"title\";s:11:\"Pavadinimas\";s:4:\"desc\";s:10:\"Apra\u0161ymas\";s:6:\"public\";s:6:\"Vie\u0161a\";s:11:\"link_groups\";s:7:\"Grup\u0117s\";s:16:\"session_validity\";s:28:\"Maksimalus neaktyvumo laikas\";s:7:\"last_ip\";s:34:\"Paskutinio prisijungimo ip adresas\";s:9:\"autologin\";s:39:\"Automatinis prisijungimas prie sistemos\";}s:12:\"PASS_UPDATED\";s:35:\"Slapta\u017eodis s\u0117kmingai atnaujintas\";s:15:\"ERR_DELETE_SELF\";s:18:\"Veiksmas ribojamas\";s:19:\"ERR_DEACTIVATE_SELF\";s:18:\"Veiksmas ribojamas\";s:11:\"PERMISSIONS\";s:7:\"Teis\u0117s\";s:24:\"CHANGE_GROUP_PERMISSIONS\";s:26:\"Keisti grup\u0117s \"%s\" teises\";s:20:\"SESSION_VALIDITY_OPT\";a:7:{i:30;s:6:\"30 min\";i:60;s:6:\"60 min\";i:90;s:9:\"1h 30 min\";i:120;s:2:\"2h\";i:180;s:2:\"3h\";i:240;s:2:\"4h\";i:-1;s:11:\"Neribojamas\";}s:3:\"MAP\";a:3:{s:5:\"title\";s:10:\"Vartotojai\";s:4:\"info\";a:1:{s:5:\"model\";s:11:\"GW_Adm_User\";}s:6:\"childs\";a:4:{s:7:\"profile\";a:2:{s:5:\"title\";s:13:\"Mano profilis\";s:7:\"in_menu\";s:1:\"0\";}s:5:\"login\";a:3:{s:5:\"title\";s:25:\"Vartotojo identifikavimas\";s:7:\"in_menu\";s:1:\"0\";s:6:\"public\";s:1:\"1\";}s:6:\"groups\";a:2:{s:5:\"title\";s:7:\"Grup\u0117s\";s:4:\"info\";a:1:{s:5:\"model\";s:18:\"GW_Adm_Users_Group\";}}s:6:\"config\";a:1:{s:5:\"title\";s:10:\"Nustatymai\";}}}}"]
#1 /var/www/gw_cms/admin/lib/gw_lang_xml.class.php:40, function saveCached, ARGS: ["\/var\/www\/gw_cms\/admin\/repository\/.sys\/cache\/lang\/admin_modules_users_lang.xml_lt.dat",{"PROFILE":"Profilis","CHANGE_PROFILE_DATA":"Keisti profilio duomenis","CHANGE_PASS":"Pakeisti slapta\u017eod\u012f","FIELDS":{"email":"El. pa\u0161to adresas","name":"Vardas, pavard\u0117","pass_old":"Senas slapta\u017eodis","pass_new":"Naujas slapta\u017eodis","pass_new_repeat":"Naujas slapta\u017eodis (pakartoti)","username":"Vartotojas","pass":"Slapta\u017eodis","active":"Aktyvus","id":"Id","rights":"Teis\u0117s","login_time":"Paskutinis prisijungimas","login_count":"Prisijungim\u0173 skai\u010dius","title":"Pavadinimas","desc":"Apra\u0161ymas","public":"Vie\u0161a","link_groups":"Grup\u0117s","session_validity":"Maksimalus neaktyvumo laikas","last_ip":"Paskutinio prisijungimo ip adresas","autologin":"Automatinis prisijungimas prie sistemos"},"PASS_UPDATED":"Slapta\u017eodis s\u0117kmingai atnaujintas","ERR_DELETE_SELF":"Veiksmas ribojamas","ERR_DEACTIVATE_SELF":"Veiksmas ribojamas","PERMISSIONS":"Teis\u0117s","CHANGE_GROUP_PERMISSIONS":"Keisti grup\u0117s \"%s\" teises","SESSION_VALIDITY_OPT":{"30":"30 min","60":"60 min","90":"1h 30 min","120":"2h","180":"3h","240":"4h","-1":"Neribojamas"},"MAP":{"title":"Vartotojai","info":{"model":"GW_Adm_User"},"childs":{"profile":{"title":"Mano profilis","in_menu":"0"},"login":{"title":"Vartotojo identifikavimas","in_menu":"0","public":"1"},"groups":{"title":"Grup\u0117s","info":{"model":"GW_Adm_Users_Group"}},"config":{"title":"Nustatymai"}}}}]
#2 /var/www/gw_cms/admin/lib/gw_lang_xml.class.php:55, function load, ARGS: ["\/var\/www\/gw_cms\/admin\/modules\/users\/lang.xml","lt"]
#3 /var/www/gw_cms/admin/lib/helpers/gw_adm_sitemap_helper.class.php:43, function getAllLn, ARGS: ["\/var\/www\/gw_cms\/admin\/modules\/users\/lang.xml"]
#4 /var/www/gw_cms/admin/lib/helpers/gw_adm_sitemap_helper.class.php:57, function loadModuleMap, ARGS: ["users"]
#5 /var/www/gw_cms/admin/lib/helpers/gw_adm_sitemap_helper.class.php:127, function syncModule, ARGS: ["users"]
#6 /var/www/gw_cms/admin/index.php:14, function updateSitemap, ARGS: []
--------------
120917 05:52:37 #256: MySQL_ERROR: Unknown column 'ln' in 'where clause' (1054). File: /var/www/gw_cms/admin/lib/data/gw_db.class.php:65 remote_addr: 127.0.0.1
Backtrace:
--------------
#0 /var/www/gw_cms/admin/lib/data/gw_db.class.php:65, function trigger_error, ARGS: ["MySQL_ERROR: Unknown column 'ln' in 'where clause' (1054)",256]
#1 /var/www/gw_cms/admin/lib/data/gw_db.class.php:105, $GW_DB->trigger_error, ARGS: ["SELECT * FROM gw_sitemap_data WHERE page_id=50 AND ln='en'"]
#2 /var/www/gw_cms/admin/lib/data/gw_db.class.php:123, $GW_DB->query, ARGS: ["SELECT * FROM gw_sitemap_data WHERE page_id=50 AND ln='en'",false]
#3 /var/www/gw_cms/admin/modules/sitemap/gw_page.class.php:146, $GW_DB->fetch_rows, ARGS: ["SELECT * FROM gw_sitemap_data WHERE page_id=50 AND ln='en'"]
#4 /var/www/gw_cms/admin/repository/.sys/templates_c/0552c71a965be2fe1694e07c331e6088540a5b0e.file.form.tpl.php:61, $GW_Page->getContent, ARGS: ["tekstas"]
#5 /var/www/gw_cms/admin/lib/smarty/sysplugins/smarty_internal_template.php:432, function include, ARGS: ["\/var\/www\/gw_cms\/admin\/repository\/.sys\/templates_c\/0552c71a965be2fe1694e07c331e6088540a5b0e.file.form.tpl.php"]
#6 /var/www/gw_cms/admin/lib/smarty/sysplugins/smarty_internal_template.php:567, $Smarty_Internal_Template_Custom->renderTemplate, ARGS: []
#7 /var/www/gw_cms/admin/init_smarty.php:36, $Smarty_Internal_Template_Custom->getRenderedTemplate, ARGS: []
#8 /var/www/gw_cms/admin/lib/smarty/Smarty.class.php:338, $Smarty_Internal_Template_Custom->getRenderedTemplate, ARGS: []
#9 /var/www/gw_cms/admin/lib/smarty/Smarty.class.php:382, $Smarty->fetch, ARGS: ["\/var\/www\/gw_cms\/admin\/modules\/sitemap\/tpl\/pages\/form.tpl",null,null,null,true]
#10 /var/www/gw_cms/admin/lib/cms/gw_module.class.php:185, $Smarty->display, ARGS: ["\/var\/www\/gw_cms\/admin\/modules\/sitemap\/tpl\/pages\/form.tpl"]
#11 /var/www/gw_cms/admin/lib/cms/gw_module.class.php:149, $Module_Pages->processTemplate, ARGS: []
#12 /var/www/gw_cms/admin/lib/cms/gw_module.class.php:159, $Module_Pages->processView, ARGS: ["form",[]]
#13 /var/www/gw_cms/admin/lib/cms/gw_request.class.php:256, $Module_Pages->process, ARGS: [["form"]]
#14 /var/www/gw_cms/admin/lib/cms/gw_request.class.php:312, $GW_Request->processModule, ARGS: [{"dirname":"sitemap","path":["sitemap","pages"],"module":"pages","params":["form"]}]
#15 /var/www/gw_cms/admin/index.php:23, $GW_Request->process, ARGS: []
--------------
120917 06:28:11 #2: Invalid argument supplied for foreach(). File: /var/www/gw_cms/admin/lib/cms/gw_adm_page.class.php:38 remote_addr: 127.0.0.1
Backtrace:
--------------
#0 /var/www/gw_cms/admin/repository/.sys/templates_c/daa6800c06674c0ffcb75a79577911b9fa125bcc.file.menu.tpl.php:26, $GW_ADM_Page->getChilds, ARGS: []
#1 /var/www/gw_cms/admin/lib/smarty/sysplugins/smarty_internal_template.php:432, function include, ARGS: ["\/var\/www\/gw_cms\/admin\/repository\/.sys\/templates_c\/daa6800c06674c0ffcb75a79577911b9fa125bcc.file.menu.tpl.php"]
#2 /var/www/gw_cms/admin/lib/smarty/sysplugins/smarty_internal_template.php:567, $Smarty_Internal_Template_Custom->renderTemplate, ARGS: []
#3 /var/www/gw_cms/admin/init_smarty.php:36, $Smarty_Internal_Template_Custom->getRenderedTemplate, ARGS: []
#4 /var/www/gw_cms/admin/repository/.sys/templates_c/1d7e0c025a0e487299f887a03f1f879c92cbcd97.file.default_open.tpl.php:59, $Smarty_Internal_Template_Custom->getRenderedTemplate, ARGS: []
#5 /var/www/gw_cms/admin/lib/smarty/sysplugins/smarty_internal_template.php:432, function include, ARGS: ["\/var\/www\/gw_cms\/admin\/repository\/.sys\/templates_c\/1d7e0c025a0e487299f887a03f1f879c92cbcd97.file.default_open.tpl.php"]
#6 /var/www/gw_cms/admin/lib/smarty/sysplugins/smarty_internal_template.php:567, $Smarty_Internal_Template_Custom->renderTemplate, ARGS: []
#7 /var/www/gw_cms/admin/init_smarty.php:36, $Smarty_Internal_Template_Custom->getRenderedTemplate, ARGS: []
#8 /var/www/gw_cms/admin/repository/.sys/templates_c/624495b806a440b881c4fc648e02bad43fd31d54.file.default_form_open.tpl.php:21, $Smarty_Internal_Template_Custom->getRenderedTemplate, ARGS: []
#9 /var/www/gw_cms/admin/lib/smarty/sysplugins/smarty_internal_template.php:432, function include, ARGS: ["\/var\/www\/gw_cms\/admin\/repository\/.sys\/templates_c\/624495b806a440b881c4fc648e02bad43fd31d54.file.default_form_open.tpl.php"]
#10 /var/www/gw_cms/admin/lib/smarty/sysplugins/smarty_internal_template.php:567, $Smarty_Internal_Template_Custom->renderTemplate, ARGS: []
#11 /var/www/gw_cms/admin/init_smarty.php:36, $Smarty_Internal_Template_Custom->getRenderedTemplate, ARGS: []
#12 /var/www/gw_cms/admin/repository/.sys/templates_c/0552c71a965be2fe1694e07c331e6088540a5b0e.file.form.tpl.php:21, $Smarty_Internal_Template_Custom->getRenderedTemplate, ARGS: []
#13 /var/www/gw_cms/admin/lib/smarty/sysplugins/smarty_internal_template.php:432, function include, ARGS: ["\/var\/www\/gw_cms\/admin\/repository\/.sys\/templates_c\/0552c71a965be2fe1694e07c331e6088540a5b0e.file.form.tpl.php"]
#14 /var/www/gw_cms/admin/lib/smarty/sysplugins/smarty_internal_template.php:567, $Smarty_Internal_Template_Custom->renderTemplate, ARGS: []
#15 /var/www/gw_cms/admin/init_smarty.php:36, $Smarty_Internal_Template_Custom->getRenderedTemplate, ARGS: []
#16 /var/www/gw_cms/admin/lib/smarty/Smarty.class.php:338, $Smarty_Internal_Template_Custom->getRenderedTemplate, ARGS: []
#17 /var/www/gw_cms/admin/lib/smarty/Smarty.class.php:382, $Smarty->fetch, ARGS: ["\/var\/www\/gw_cms\/admin\/modules\/sitemap\/tpl\/pages\/form.tpl",null,null,null,true]
#18 /var/www/gw_cms/admin/lib/cms/gw_module.class.php:185, $Smarty->display, ARGS: ["\/var\/www\/gw_cms\/admin\/modules\/sitemap\/tpl\/pages\/form.tpl"]
#19 /var/www/gw_cms/admin/lib/cms/gw_module.class.php:149, $Module_Pages->processTemplate, ARGS: []
#20 /var/www/gw_cms/admin/lib/cms/gw_module.class.php:159, $Module_Pages->processView, ARGS: ["form",[]]
#21 /var/www/gw_cms/admin/lib/cms/gw_request.class.php:256, $Module_Pages->process, ARGS: [["form"]]
#22 /var/www/gw_cms/admin/lib/cms/gw_request.class.php:312, $GW_Request->processModule, ARGS: [{"dirname":"sitemap","path":["sitemap","pages"],"module":"pages","params":["form"]}]
#23 /var/www/gw_cms/admin/index.php:23, $GW_Request->process, ARGS: []
--------------
120917 06:28:11 #256: MySQL_ERROR: Unknown column 'ln' in 'where clause' (1054). File: /var/www/gw_cms/admin/lib/data/gw_db.class.php:65 remote_addr: 127.0.0.1
Backtrace:
--------------
#0 /var/www/gw_cms/admin/lib/data/gw_db.class.php:65, function trigger_error, ARGS: ["MySQL_ERROR: Unknown column 'ln' in 'where clause' (1054)",256]
#1 /var/www/gw_cms/admin/lib/data/gw_db.class.php:105, $GW_DB->trigger_error, ARGS: ["SELECT * FROM gw_sitemap_data WHERE page_id=50 AND ln='en'"]
#2 /var/www/gw_cms/admin/lib/data/gw_db.class.php:123, $GW_DB->query, ARGS: ["SELECT * FROM gw_sitemap_data WHERE page_id=50 AND ln='en'",false]
#3 /var/www/gw_cms/admin/modules/sitemap/gw_page.class.php:146, $GW_DB->fetch_rows, ARGS: ["SELECT * FROM gw_sitemap_data WHERE page_id=50 AND ln='en'"]
#4 /var/www/gw_cms/admin/repository/.sys/templates_c/0552c71a965be2fe1694e07c331e6088540a5b0e.file.form.tpl.php:61, $GW_Page->getContent, ARGS: ["tekstas"]
#5 /var/www/gw_cms/admin/lib/smarty/sysplugins/smarty_internal_template.php:432, function include, ARGS: ["\/var\/www\/gw_cms\/admin\/repository\/.sys\/templates_c\/0552c71a965be2fe1694e07c331e6088540a5b0e.file.form.tpl.php"]
#6 /var/www/gw_cms/admin/lib/smarty/sysplugins/smarty_internal_template.php:567, $Smarty_Internal_Template_Custom->renderTemplate, ARGS: []
#7 /var/www/gw_cms/admin/init_smarty.php:36, $Smarty_Internal_Template_Custom->getRenderedTemplate, ARGS: []
#8 /var/www/gw_cms/admin/lib/smarty/Smarty.class.php:338, $Smarty_Internal_Template_Custom->getRenderedTemplate, ARGS: []
#9 /var/www/gw_cms/admin/lib/smarty/Smarty.class.php:382, $Smarty->fetch, ARGS: ["\/var\/www\/gw_cms\/admin\/modules\/sitemap\/tpl\/pages\/form.tpl",null,null,null,true]
#10 /var/www/gw_cms/admin/lib/cms/gw_module.class.php:185, $Smarty->display, ARGS: ["\/var\/www\/gw_cms\/admin\/modules\/sitemap\/tpl\/pages\/form.tpl"]
#11 /var/www/gw_cms/admin/lib/cms/gw_module.class.php:149, $Module_Pages->processTemplate, ARGS: []
#12 /var/www/gw_cms/admin/lib/cms/gw_module.class.php:159, $Module_Pages->processView, ARGS: ["form",[]]
#13 /var/www/gw_cms/admin/lib/cms/gw_request.class.php:256, $Module_Pages->process, ARGS: [["form"]]
#14 /var/www/gw_cms/admin/lib/cms/gw_request.class.php:312, $GW_Request->processModule, ARGS: [{"dirname":"sitemap","path":["sitemap","pages"],"module":"pages","params":["form"]}]
#15 /var/www/gw_cms/admin/index.php:23, $GW_Request->process, ARGS: []
--------------
120917 06:29:31 #256: MySQL_ERROR: Unknown column 'ln' in 'where clause' (1054). File: /var/www/gw_cms/admin/lib/data/gw_db.class.php:65 remote_addr: 127.0.0.1
Backtrace:
--------------
#0 /var/www/gw_cms/admin/lib/data/gw_db.class.php:65, function trigger_error, ARGS: ["MySQL_ERROR: Unknown column 'ln' in 'where clause' (1054)",256]
#1 /var/www/gw_cms/admin/lib/data/gw_db.class.php:105, $GW_DB->trigger_error, ARGS: ["SELECT * FROM gw_sitemap_data WHERE page_id=50 AND ln='en'"]
#2 /var/www/gw_cms/admin/lib/data/gw_db.class.php:123, $GW_DB->query, ARGS: ["SELECT * FROM gw_sitemap_data WHERE page_id=50 AND ln='en'",false]
#3 /var/www/gw_cms/admin/modules/sitemap/gw_page.class.php:146, $GW_DB->fetch_rows, ARGS: ["SELECT * FROM gw_sitemap_data WHERE page_id=50 AND ln='en'"]
#4 /var/www/gw_cms/admin/repository/.sys/templates_c/0552c71a965be2fe1694e07c331e6088540a5b0e.file.form.tpl.php:61, $GW_Page->getContent, ARGS: ["tekstas"]
#5 /var/www/gw_cms/admin/lib/smarty/sysplugins/smarty_internal_template.php:432, function include, ARGS: ["\/var\/www\/gw_cms\/admin\/repository\/.sys\/templates_c\/0552c71a965be2fe1694e07c331e6088540a5b0e.file.form.tpl.php"]
#6 /var/www/gw_cms/admin/lib/smarty/sysplugins/smarty_internal_template.php:567, $Smarty_Internal_Template_Custom->renderTemplate, ARGS: []
#7 /var/www/gw_cms/admin/init_smarty.php:36, $Smarty_Internal_Template_Custom->getRenderedTemplate, ARGS: []
#8 /var/www/gw_cms/admin/lib/smarty/Smarty.class.php:338, $Smarty_Internal_Template_Custom->getRenderedTemplate, ARGS: []
#9 /var/www/gw_cms/admin/lib/smarty/Smarty.class.php:382, $Smarty->fetch, ARGS: ["\/var\/www\/gw_cms\/admin\/modules\/sitemap\/tpl\/pages\/form.tpl",null,null,null,true]
#10 /var/www/gw_cms/admin/lib/cms/gw_module.class.php:185, $Smarty->display, ARGS: ["\/var\/www\/gw_cms\/admin\/modules\/sitemap\/tpl\/pages\/form.tpl"]
#11 /var/www/gw_cms/admin/lib/cms/gw_module.class.php:149, $Module_Pages->processTemplate, ARGS: []
#12 /var/www/gw_cms/admin/lib/cms/gw_module.class.php:159, $Module_Pages->processView, ARGS: ["form",[]]
#13 /var/www/gw_cms/admin/lib/cms/gw_request.class.php:256, $Module_Pages->process, ARGS: [["form"]]
#14 /var/www/gw_cms/admin/lib/cms/gw_request.class.php:312, $GW_Request->processModule, ARGS: [{"dirname":"sitemap","path":["sitemap","pages"],"module":"pages","params":["form"]}]
#15 /var/www/gw_cms/admin/index.php:23, $GW_Request->process, ARGS: []
--------------
120917 06:57:40 #256: MySQL_ERROR: Unknown column 'in_menu_no' in 'field list' (1054). File: /var/www/gw_cms/admin/lib/data/gw_db.class.php:65 remote_addr: 127.0.0.1
Backtrace:
--------------
#0 /var/www/gw_cms/admin/lib/data/gw_db.class.php:65, function trigger_error, ARGS: ["MySQL_ERROR: Unknown column 'in_menu_no' in 'field list' (1054)",256]
#1 /var/www/gw_cms/admin/lib/data/gw_db.class.php:105, $GW_DB->trigger_error, ARGS: ["UPDATE gw_sitemap SET `title_no`=\"Norvegiska antraste\", `in_menu_no`=\"1\", `parent_id`=\"-1\", `update_time`=\"2012-09-17 06:57:40\" WHERE `id`=45;"]
#2 /var/www/gw_cms/admin/lib/data/gw_db.class.php:295, $GW_DB->query, ARGS: ["UPDATE gw_sitemap SET `title_no`=\"Norvegiska antraste\", `in_menu_no`=\"1\", `parent_id`=\"-1\", `update_time`=\"2012-09-17 06:57:40\" WHERE `id`=45;",false]
#3 /var/www/gw_cms/admin/lib/data/gw_data_object.class.php:304, $GW_DB->update, ARGS: ["gw_sitemap","`id`=45",{"title_no":"Norvegiska antraste","in_menu_no":"1","parent_id":-1,"update_time":"2012-09-17 06:57:40"}]
#4 /var/www/gw_cms/admin/lib/data/gw_data_object.class.php:405, $GW_Page->update, ARGS: []
#5 /var/www/gw_cms/admin/lib/cms/gw_common_module.class.php:113, $GW_Page->save, ARGS: []
#6 :, $Module_Pages->common_doSave, ARGS: []
#7 /var/www/gw_cms/admin/lib/cms/gw_common_module.class.php:410, function call_user_func_array, ARGS: [[{"allow_auto_actions":{"dosave":1,"dodelete":1,"doinvertactive":1,"domove":1,"viewform":1,"viewlist":1,"viewdialogconfig":1,"dodialogconfigsave":1,"doinvertbanned":1},"filters":{"parent_id":-1},"paging_enabled":true,"data_object_id_type":1,"db":{"link":null,"uphd":["gw_cms","KhypJcX9xztbAMSy","localhost","gw_cms"],"conf":{"logfile":"\/var\/www\/gw_cms\/admin\/repository\/.sys\/logs\/MySQL.log","errshow":true,"errtags":true,"lang":"lt","UPHD":"gw_cms:KhypJcX9xztbAMSy@localhost\/gw_cms"},"result":false,"last_query":"UPDATE gw_sitemap SET `title_no`=\"Norvegiska antraste\", `in_menu_no`=\"1\", `parent_id`=\"-1\", `update_time`=\"2012-09-17 06:57:40\" WHERE `id`=45;","last_query_time":"0.000197","query_times":null,"debug":false},"action_name":null,"tpl_dir":"\/var\/www\/gw_cms\/admin\/modules\/sitemap\/tpl\/pages\/","module_dir":"\/var\/www\/gw_cms\/admin\/modules\/sitemap\/","module_name":"pages","module_path":["sitemap","pages"],"smarty":{"auto_literal":true,"error_unassigned":false,"template_dir":"\/var\/www\/gw_cms\/admin\/templates\/","default_template_handler_func":null,"compile_dir":"\/var\/www\/gw_cms\/admin\/repository\/.sys\/templates_c\/","plugins_dir":["\/var\/www\/gw_cms\/admin\/lib\/smarty\/plugins\/"],"cache_dir":".\/cache\/","config_dir":".\/configs\/","force_compile":false,"compile_check":true,"compile_locking":true,"use_sub_dirs":false,"compile_error":false,"caching":false,"merge_compiled_includes":false,"cache_lifetime":3600,"force_cache":false,"cache_id":null,"compile_id":null,"left_delimiter":"{","right_delimiter":"}","security_class":"Smarty_Security","security_policy":null,"php_handling":0,"allow_php_tag":true,"allow_php_templates":false,"direct_access_security":true,"trusted_dir":"\/var\/www\/gw_cms\/admin\/","debugging":false,"debugging_ctrl":"NONE","smarty_debug_id":"SMARTY_DEBUG","debug_tpl":"\/var\/www\/gw_cms\/admin\/lib\/smarty\/debug.tpl","error_reporting":null,"config_overwrite":true,"config_booleanize":true,"config_read_hidden":false,"config_vars":[],"tpl_vars":{"GLOBALS":{"value":{"GLOBALS":null,"_POST":{"act":"do:save","item":{"id":"45","title":"Norvegiska antraste","in_menu":"1","input_data":{"tekstas":"<p>\r\n\tnorvegiskas tekstas no<\/p>\r\n"}},"submit_type":"0"},"_GET":{"lang":"no"},"_COOKIE":{"login_0":"wdm","login_7":"4391e13dfee8541817eacae0d9789b58da552355df18d706b1cb44aad2699661","login_ln":"en","PHPSESSID":"187164fg2l5eoqjttlibuji8a6"},"_FILES":[],"debug":{"mem_use":[786432]},"_SERVER":{"REDIRECT_STATUS":"200","HTTP_HOST":"localhost","HTTP_USER_AGENT":"Mozilla\/5.0 (X11; Ubuntu; Linux x86_64; rv:15.0) Gecko\/20100101 Firefox\/15.0.1","HTTP_ACCEPT":"text\/html,application\/xhtml+xml,application\/xml;q=0.9,*\/*;q=0.8","HTTP_ACCEPT_LANGUAGE":"en-us,en;q=0.5","HTTP_ACCEPT_ENCODING":"gzip, deflate","HTTP_CONNECTION":"keep-alive","HTTP_REFERER":"http:\/\/localhost\/gw_cms\/admin\/en\/sitemap\/pages\/45\/form?lang=no","HTTP_COOKIE":"login_0=wdm; login_7=4391e13dfee8541817eacae0d9789b58da552355df18d706b1cb44aad2699661; login_ln=en; PHPSESSID=187164fg2l5eoqjttlibuji8a6","CONTENT_TYPE":"multipart\/form-data; boundary=---------------------------2099030361885862536112920545","CONTENT_LENGTH":"820","PATH":"\/usr\/local\/bin:\/usr\/bin:\/bin","SERVER_SIGNATURE":"<address>Apache\/2.2.22 (Ubuntu) Server at localhost Port 80<\/address>\n","SERVER_SOFTWARE":"Apache\/2.2.22 (Ubuntu)","SERVER_NAME":"localhost","SERVER_ADDR":"127.0.0.1","SERVER_PORT":"80","REMOTE_ADDR":"127.0.0.1","DOCUMENT_ROOT":"\/var\/www","SERVER_ADMIN":"webmaster@localhost","SCRIPT_FILENAME":"\/var\/www\/gw_cms\/admin\/index.php","REMOTE_PORT":"36213","REDIRECT_QUERY_STRING":"url=en\/sitemap\/pages\/45\/form&lang=no","REDIRECT_URL":"\/gw_cms\/admin\/en\/sitemap\/pages\/45\/form","GATEWAY_INTERFACE":"CGI\/1.1","SERVER_PROTOCOL":"HTTP\/1.1","REQUEST_METHOD":"POST","QUERY_STRING":"url=en\/sitemap\/pages\/45\/form&lang=no","REQUEST_URI":"\/gw_cms\/admin\/en\/sitemap\/pages\/45\/form?lang=no","SCRIPT_NAME":"\/gw_cms\/admin\/index.php","PHP_SELF":"\/gw_cms\/admin\/index.php","REQUEST_TIME":1347854260},"gpc":"0","_SESSION":{"GW":{"ln":"no","cms_ln":"en"},"auth":null,"cms_auth":{"user_id":"9","ip_address":"127.0.0.1","last_request":1347854260,"autologin":1},"users\/login":{"page_by":20},"todo\/items":{"page_by":20,"paging_enabled":false,"views":{"name":"All","conditions":"","default":1},"order":"priority DESC, state ASC"},"current_module_fields":{"ico":1,"path":1,"pathname":0,"title":1,"in_menu":1,"insert_time":1,"update_time":1},"sitemap\/pages":{"page_by":20,"paging_enabled":false,"views":{"name":"All","conditions":"","default":1},"order":"priority ASC"},"sitemap\/templates":{"page_by":20,"paging_enabled":false,"views":{"name":"All","conditions":"","default":1},"order":"title ASC"},"messages":null,"default":{"page_by":20},"articles":{"page_by":20,"paging_enabled":1,"views":{"name":"All","conditions":"","default":1},"order":"id DESC"},"config":{"page_by":20},"config\/modules":{"page_by":20,"paging_enabled":false},"gallery\/items":{"page_by":20,"paging_enabled":false,"views":{"name":"All","conditions":"","default":1},"order":"type DESC, priority ASC"},"users":{"page_by":20,"paging_enabled":false},"todo\/items\/form\/comments":{"page_by":20,"paging_enabled":false,"views":{"name":"All","conditions":"","default":1},"order":"priority DESC, state ASC"}},"tmp1":1,"tmp2":null,"proc_timer":{"start":1347854260.8931,"time_sum":0},"s":null,"_REQUEST":{"url":"en\/sitemap\/pages\/45\/form","lang":"no","act":"do:save","item":{"id":"45","title":"Norvegiska antraste","in_menu":"1","input_data":{"tekstas":"<p>\r\n\tnorvegiskas tekstas no<\/p>\r\n"}},"submit_type":"0"}},"nocache":false,"scope":0},"request":{"value":{"path":"sitemap\/pages\/45\/form","path_arr":[{"name":"sitemap","path":"sitemap","path_clean":"sitemap"},{"name":"pages","path":"sitemap\/pages\/45","path_clean":"sitemap\/pages","data_object_id":45},{"name":"form","path":"sitemap\/pages\/45\/form","path_clean":"sitemap\/pages\/form"}],"path_arr_parent":{"name":"pages","path":"sitemap\/pages\/45","path_clean":"sitemap\/pages","data_object_id":45},"ln":"en","page":{"table":"gw_adm_sitemap","i18n_fields":{"title":1},"validators":{"views":"gw_json"},"default_order":"priority ASC","level":1,"data_object":null,"encode_fields":{"info":"serialize","fields":"serialize"},"ignore_fields":{"data_object_id":1},"calculate_fields":{"VIEWS":"getViews"},"_lang":null,"db_die_on_error":true,"primary_fields":["id"],"content_base":{"id":"18","parent_id":"17","path":"sitemap\/pages","pathname":"pages","title_en":"Sitemap","title_lt":"Svetain\u0117s medis","title_no":"Sitemap","info":{"model":"GW_Page"},"fields":null,"public":"0","active":"1","in_menu":"1","priority":"7","insert_time":"2010-03-23 20:28:08","update_time":"2012-05-11 05:50:20","sync_time":"2012-05-11 05:50:20","notes":"","views":"","data_object_id":45},"errors":[],"loaded":true,"auto_fields":true,"auto_validation":false,"cache":{"data_object":{"table":"gw_sitemap","i18n_fields":{"title":1,"in_menu":1},"default_order":"priority ASC","calculate_fields":{"child_count":1},"level":0,"_lang":null,"db_die_on_error":true,"primary_fields":["id"],"content_base":{"id":"45","parent_id":"-1","template_id":"14","path":"pirmas","pathname":"pirmas","type":"0","title_en":"Pirmas","title_lt":"Lietuviska antraste","title_no":"","link":"","meta_description":"","active":"1","in_menu_lt":"1","in_menu_en":"1","priority":"10","user_id":"0","visit_count":"0","insert_time":"2011-04-04 17:45:15","update_time":"2012-09-17 06:56:55"},"errors":[],"loaded":true,"auto_fields":true,"auto_validation":false,"ignore_fields":[],"encode_fields":[],"cache":null}}},"module":null,"base":"\/gw_cms\/admin\/","data_object_id":45,"carry_params":{"pid":1},"uri":"\/gw_cms\/admin\/en\/sitemap\/pages\/45\/form?lang=no","path_clean":"sitemap\/pages\/form"},"nocache":false,"scope":0},"ln":{"value":"en","nocache":false,"scope":0},"lang":{"value":{"LANG":{"lt":"Lietuvi\u0173","en":"English","no":"Norwegian"},"LANGUAGE":"Language","SAVE":"Save","APPLY":"Apply","UPDATE":"Refresh","CANCEL":"Cancel","CONTINUE":"Continue","BACK":"&laquo; Back","EDIT":"Edit","REMOVE":"Remove","LOGOUT":"Logout","USER":"Username","PASS":"Password","CHANGE_PASS":"Change password","DOLOGIN":"Login","AUTOLOGIN":"Autologin on this browser","CREATE_NEW":"Create new","ACTION_CONFIRM_REQUIRED":"Action confirm required. Continue?","LOGGED_AS":"Logged as","SWITCH_USER_RETURN":"Return to <b>%s<\/b> account","UPDATE_SUCCESS":"Data successfully updated","SAVE_SUCCESS":"Data successfully saved","ITEM_REMOVE_SUCCESS":"Item removed","ITEM_ADD_SUCCESS":"Item added","FIELDS":{"insert_time":"Creation time","update_time":"Last edited","title":"Title","active":"Active","image":"Image","type":"Type","group":"Group","category":"Category","text":"Text","id":"Id. num.","description":"Description"},"FIELD_NOTES":{"image_dimensions":"Width x Height. exmpl: 640x480"},"VIEWS":{"form":"Create new \/ Edit","print":"Print","export":"Export"},"NO_ITEMS":"No items","ITEM_COUNT":"Item count","ACTIONS":"Actions","IMAGE":"Image","FIELD":"Field","FILTER_VALUE":"Value","APPLY_FILTER":"Apply filters","REMOVE_FILTER":"Remove filters","COMPARE_TYPE":{"SHORT":"C. t.","FULL":"Compare type"},"FILTER_FROM":"from","FILTER_TO":"to","FILTER_EMPTY_OPTION":{"":"-- Any --"},"ACTIVE_OPT":["Not active","Active"],"SEARCH":"Search","ORDER_BY":"Order by","ICON_TITLES":{"active_0":"Enable","active_1":"Disable","action_move_up":"Move up","action_move_down":"Move down","action_edit":"Edit","action_file_delete":"Delete","print":"Print","switch_user":"Login to user account"},"EXTRA_INFO":"Extra information","SESSION_VALIDITY":"Session validity","LOGIN_TO_EXTEND_SESSION":"Session expired. Continue session?","SESSION_EXTEND_SUCCESS":"\n\tOK\n","SERVER_TIME":"Server time","YOUR_IP":"Your ip","PAGE_BY":"Page by","NEXT":"Next","PREVIOUS":"Previuos","FIRST":"First","LAST":"Last","PAGE":"Page","GALLERY_FOLDER":"Gallery folder","EMPTY_OPTION":["-- Not selected --"],"SITE_TITLE":"GateWay Content Management System","FOOTER":"\n\t\n\t\t<a href=\"http:\/\/cms.gw.lt\/\">Gateway CMS<\/a><br \/>%year% \u00a9\t\n\t\n","GW_CMS_DESCRIPTION":"Gateway content management system","DIMENSIONS":"Dimensions","FILE_SIZE":"File size","MAX_UPLOAD_SIZE":"Max upload size %s","APPLY_SORT":"Apply sort","CHECKLIST_SELECT_ACTION":"Actions with selected items","LIST_DISPLAY_SETTINGS":"Display settings","LDS_FIELD_PRIORITY_VISIBILITY":"Column priority & visibility","RESET_TO_DEFAULTS":"Reset to defaults","MONTHS_SHORT":["Jan","Feb","Mar","Apr","May","Jun","Jul","Aug","Sep","Oct","Nov","Dec"],"VIEWS_LABEL":"\n\tViews\n","GO_BACK":"Back","ABOUT":"About"},"nocache":false,"scope":0},"page":{"value":{"table":"gw_adm_sitemap","i18n_fields":{"title":1},"validators":{"views":"gw_json"},"default_order":"priority ASC","level":1,"data_object":null,"encode_fields":{"info":"serialize","fields":"serialize"},"ignore_fields":{"data_object_id":1},"calculate_fields":{"VIEWS":"getViews"},"_lang":null,"db_die_on_error":true,"primary_fields":["id"],"content_base":{"id":"18","parent_id":"17","path":"sitemap\/pages","pathname":"pages","title_en":"Sitemap","title_lt":"Svetain\u0117s medis","title_no":"Sitemap","info":{"model":"GW_Page"},"fields":null,"public":"0","active":"1","in_menu":"1","priority":"7","insert_time":"2010-03-23 20:28:08","update_time":"2012-05-11 05:50:20","sync_time":"2012-05-11 05:50:20","notes":"","views":"","data_object_id":45},"errors":[],"loaded":true,"auto_fields":true,"auto_validation":false,"cache":{"data_object":{"table":"gw_sitemap","i18n_fields":{"title":1,"in_menu":1},"default_order":"priority ASC","calculate_fields":{"child_count":1},"level":0,"_lang":null,"db_die_on_error":true,"primary_fields":["id"],"content_base":{"id":"45","parent_id":"-1","template_id":"14","path":"pirmas","pathname":"pirmas","type":"0","title_en":"Pirmas","title_lt":"Lietuviska antraste","title_no":"","link":"","meta_description":"","active":"1","in_menu_lt":"1","in_menu_en":"1","priority":"10","user_id":"0","visit_count":"0","insert_time":"2011-04-04 17:45:15","update_time":"2012-09-17 06:56:55"},"errors":[],"loaded":true,"auto_fields":true,"auto_validation":false,"ignore_fields":[],"encode_fields":[],"cache":null}}},"nocache":false,"scope":0},"log":{"value":[],"nocache":false,"scope":0}},"parent":null,"template_functions":[],"default_resource_type":"file","caching_type":"file","cache_resource_types":["file"],"properties":[],"default_config_type":"file","template_objects":null,"cache_modified_check":false,"registered_plugins":[],"plugin_search_order":["function","block","compiler","class"],"registered_objects":[],"registered_classes":[],"registered_filters":[],"registered_resources":[],"autoload_filters":[],"variable_filter":true,"default_modifiers":[],"start_time":1347854260.9105,"_file_perms":438,"_dir_perms":511,"_tag_stack":[],"inheritance":false,"deprecation_notices":true,"_version":"Smarty-3.0.7","smarty":null,"template_class":"Smarty_Internal_Template_Custom"},"errors":[],"errorMsgs":[],"ob_collect":true,"error_fields":null,"list_params":{"page_by":20,"paging_enabled":false,"views":{"name":"All","conditions":"","default":1},"order":"priority ASC"},"log":[],"lang":{"ROOT":"Root","PATH":"Path","FIELDS":{"meta_description":"Meta description","priority":"Priority","pathname":"URL name","in_menu":"Show in menu","parent_id":"Parent page","path":"Path","note":"Note","template_id":"Template"},"TYPE_OPT":["Page","Link to first child","Link"],"VAR_TYPE_OPT":{"text":"Text line","textarea":"Text area","htmlarea":"HTML text area","image":"Image","gallery_folder":"Gallery folder"},"MAP":{"title":"Structure & Content","childs":{"pages":{"title":"Sitemap","info":{"model":"GW_Page"}},"templates":{"title":"Templates","info":{"model":"GW_Template"},"childs":{"tplvars":{"info":{"model":"GW_TplVar"},"title":"Template vars"}}}}}},"model":{"table":"gw_sitemap","i18n_fields":{"title":1,"in_menu":1},"default_order":"priority ASC","calculate_fields":{"child_count":1},"level":0,"_lang":null,"db_die_on_error":true,"primary_fields":["id"],"content_base":{"id":"45","parent_id":"-1","template_id":"14","path":"pirmas","pathname":"pirmas","type":"0","title_en":"Pirmas","title_lt":"Lietuviska antraste","title_no":"","link":"","meta_description":"","active":"1","in_menu_lt":"1","in_menu_en":"1","priority":"10","user_id":"0","visit_count":"0","insert_time":"2011-04-04 17:45:15","update_time":"2012-09-17 06:56:55"},"errors":[],"loaded":true,"auto_fields":true,"auto_validation":false,"ignore_fields":[],"encode_fields":[],"cache":null},"parent":{"table":"gw_sitemap","i18n_fields":{"title":1,"in_menu":1},"default_order":"priority ASC","calculate_fields":{"child_count":1},"level":0,"_lang":null,"db_die_on_error":true,"primary_fields":["id"],"content_base":{"id":-1},"errors":[],"loaded":false,"auto_fields":true,"auto_validation":false,"ignore_fields":[],"encode_fields":[],"cache":null}},"common_dosave"],[]]
#8 /var/www/gw_cms/admin/lib/cms/gw_module.class.php:119, $Module_Pages->__call, ARGS: ["dosave",[]]
#9 /var/www/gw_cms/admin/lib/cms/gw_module.class.php:119, $Module_Pages->dosave, ARGS: []
#10 /var/www/gw_cms/admin/lib/cms/gw_module.class.php:156, $Module_Pages->process_act, ARGS: ["do:save"]
#11 /var/www/gw_cms/admin/lib/cms/gw_request.class.php:256, $Module_Pages->process, ARGS: [["form"]]
#12 /var/www/gw_cms/admin/lib/cms/gw_request.class.php:312, $GW_Request->processModule, ARGS: [{"dirname":"sitemap","path":["sitemap","pages"],"module":"pages","params":["form"]}]
#13 /var/www/gw_cms/admin/index.php:23, $GW_Request->process, ARGS: []
--------------
121210 21:45:07 #2048: Non-static method GW_App_Base::parseParams() should not be called statically. File: /var/www/gw_cms/deploy/general_rsync.php:16 remote_addr: 
Backtrace:
--------------
#0 /var/www/gw_cms/deploy/general_rsync.php:16, function parseParams, ARGS: null
#1 /var/www/gw_cms/deploy/cms.gw.lt.php:14, function include, ARGS: ["\/var\/www\/gw_cms\/deploy\/general_rsync.php"]
--------------
121210 21:46:21 #2048: Non-static method GW_App_Base::parseParams() should not be called statically. File: /var/www/gw_cms/deploy/general_rsync.php:16 remote_addr: 
Backtrace:
--------------
#0 /var/www/gw_cms/deploy/general_rsync.php:16, function parseParams, ARGS: null
#1 /var/www/gw_cms/deploy/cms.gw.lt.php:14, function include, ARGS: ["\/var\/www\/gw_cms\/deploy\/general_rsync.php"]
--------------
121210 21:47:44 #2048: Non-static method GW_App_Base::parseParams() should not be called statically. File: /var/www/gw_cms/deploy/general_rsync.php:16 remote_addr: 
Backtrace:
--------------
#0 /var/www/gw_cms/deploy/general_rsync.php:16, function parseParams, ARGS: null
#1 /var/www/gw_cms/deploy/cms.gw.lt.php:14, function include, ARGS: ["\/var\/www\/gw_cms\/deploy\/general_rsync.php"]
--------------
121210 21:47:56 #2048: Non-static method GW_App_Base::parseParams() should not be called statically. File: /var/www/gw_cms/deploy/general_rsync.php:16 remote_addr: 
Backtrace:
--------------
#0 /var/www/gw_cms/deploy/general_rsync.php:16, function parseParams, ARGS: null
#1 /var/www/gw_cms/deploy/cms.gw.lt.php:14, function include, ARGS: ["\/var\/www\/gw_cms\/deploy\/general_rsync.php"]
--------------
121210 21:50:06 #2048: Non-static method GW_App_Base::parseParams() should not be called statically. File: /var/www/gw_cms/deploy/general_rsync.php:16 remote_addr: 
Backtrace:
--------------
#0 /var/www/gw_cms/deploy/general_rsync.php:16, function parseParams, ARGS: null
#1 /var/www/gw_cms/deploy/cms.gw.lt.php:14, function include, ARGS: ["\/var\/www\/gw_cms\/deploy\/general_rsync.php"]
--------------
121210 21:50:45 #2048: Non-static method GW_Json_Format_Helper::f() should not be called statically. File: /var/www/gw_cms/admin/lib/sys_common.php:21 remote_addr: 
Backtrace:
--------------
#0 /var/www/gw_cms/admin/lib/sys_common.php:21, function f, ARGS: null
#1 /var/www/gw_cms/deploy/general_rsync.php:18, function dump, ARGS: [{"destination":"root@gw.lt:\/home\/www\/gw_cms","remote_ssh_port":"63842","source":"\/var\/www\/gw_cms\/","excludes":[".svn","modules\/dropindesign\/*","modules\/tometa\/*","modules\/customers\/*","project_name.php","repository\/*","public\/*","\/.htaccess","\/.project","\/.buildpath","\/.git","\/deploy"]}]
#2 /var/www/gw_cms/deploy/cms.gw.lt.php:14, function include, ARGS: ["\/var\/www\/gw_cms\/deploy\/general_rsync.php"]
--------------
121210 21:52:19 #2048: Non-static method Rsync_Helper::exec() should not be called statically. File: /var/www/gw_cms/deploy/general_rsync.php:32 remote_addr: 
Backtrace:
--------------
#0 /var/www/gw_cms/deploy/general_rsync.php:32, function exec, ARGS: null
#1 /var/www/gw_cms/deploy/cms.gw.lt.php:14, function include, ARGS: ["\/var\/www\/gw_cms\/deploy\/general_rsync.php"]
--------------
